Log file open, 02/27/20 12:56:46
LogWindows: Failed to load 'aqProf.dll' (GetLastError=126)
LogWindows: File 'aqProf.dll' does not exist
LogWindows: Failed to load 'VtuneApi.dll' (GetLastError=126)
LogWindows: File 'VtuneApi.dll' does not exist
LogWindows: Failed to load 'VtuneApi32e.dll' (GetLastError=126)
LogWindows: File 'VtuneApi32e.dll' does not exist
LogConsoleResponse: Display: Failed to find resolution value strings in scalability ini. Falling back to default.
LogInit: Display: Running engine for game: Maheyahi
LogPlatformFile: Not using cached read wrapper
LogTaskGraph: Started task graph with 5 named threads and 35 total threads with 3 sets of task threads.
LogStats: Stats thread started at 1.116884
LogD3D11RHI: Loaded GFSDK_Aftermath_Lib.x64.dll
LogICUInternationalization: ICU TimeZone Detection - Raw Offset: +1:00, Platform Override: ''
LogPluginManager: Mounting plugin Paper2D
LogPluginManager: Mounting plugin AISupport
LogPluginManager: Mounting plugin LightPropagationVolume
LogPluginManager: Mounting plugin ActorLayerUtilities
LogPluginManager: Mounting plugin AnimationSharing
LogPluginManager: Mounting plugin CLionSourceCodeAccess
LogPluginManager: Mounting plugin CodeLiteSourceCodeAccess
LogPluginManager: Mounting plugin GitSourceControl
LogPluginManager: Mounting plugin KDevelopSourceCodeAccess
LogPluginManager: Mounting plugin NullSourceCodeAccess
LogPluginManager: Mounting plugin PerforceSourceControl
LogPluginManager: Mounting plugin PlasticSourceControl
LogPluginManager: Mounting plugin SubversionSourceControl
LogPluginManager: Mounting plugin UObjectPlugin
LogPluginManager: Mounting plugin VisualStudioCodeSourceCodeAccess
LogPluginManager: Mounting plugin VisualStudioSourceCodeAccess
LogPluginManager: Mounting plugin XCodeSourceCodeAccess
LogPluginManager: Mounting plugin AssetManagerEditor
LogPluginManager: Mounting plugin CryptoKeys
LogPluginManager: Mounting plugin CurveEditorTools
LogPluginManager: Mounting plugin DataValidation
LogPluginManager: Mounting plugin FacialAnimation
LogPluginManager: Mounting plugin GameplayTagsEditor
LogPluginManager: Mounting plugin MacGraphicsSwitching
LogPluginManager: Mounting plugin MaterialAnalyzer
LogPluginManager: Mounting plugin MobileLauncherProfileWizard
LogPluginManager: Mounting plugin PluginBrowser
LogPluginManager: Mounting plugin SpeedTreeImporter
LogPluginManager: Mounting plugin DatasmithContent
LogPluginManager: Mounting plugin VariantManagerContent
LogPluginManager: Mounting plugin AlembicImporter
LogPluginManager: Mounting plugin AutomationUtils
LogPluginManager: Mounting plugin BackChannel
LogPluginManager: Mounting plugin CharacterAI
LogPluginManager: Mounting plugin GeometryCache
LogPluginManager: Mounting plugin PlatformCrypto
LogPluginManager: Mounting plugin ProxyLODPlugin
LogPluginManager: Mounting plugin SkeletalReduction
LogPluginManager: Mounting plugin MagicLeap
LogPluginManager: Mounting plugin MagicLeapMedia
LogPluginManager: Mounting plugin MLSDK
LogPluginManager: Mounting plugin AndroidMedia
LogPluginManager: Mounting plugin AvfMedia
LogPluginManager: Mounting plugin ImgMedia
LogPluginManager: Mounting plugin MediaCompositing
LogPluginManager: Mounting plugin MediaPlayerEditor
LogPluginManager: Mounting plugin WebMMedia
LogPluginManager: Mounting plugin WmfMedia
LogPluginManager: Mounting plugin TcpMessaging
LogPluginManager: Mounting plugin UdpMessaging
LogPluginManager: Mounting plugin ActorSequence
LogPluginManager: Mounting plugin LevelSequenceEditor
LogPluginManager: Mounting plugin MatineeToLevelSequence
LogPluginManager: Mounting plugin NetcodeUnitTest
LogPluginManager: Mounting plugin NUTUnrealEngine4
LogPluginManager: Mounting plugin OnlineSubsystemGooglePlay
LogPluginManager: Mounting plugin OnlineSubsystemIOS
LogPluginManager: Mounting plugin OnlineSubsystem
LogPluginManager: Mounting plugin OnlineSubsystemNull
LogPluginManager: Mounting plugin OnlineSubsystemUtils
LogPluginManager: Mounting plugin LauncherChunkInstaller
LogPluginManager: Mounting plugin AndroidDeviceProfileSelector
LogPluginManager: Mounting plugin AndroidMoviePlayer
LogPluginManager: Mounting plugin AndroidPermission
LogPluginManager: Mounting plugin AppleImageUtils
LogPluginManager: Mounting plugin AppleMoviePlayer
LogPluginManager: Mounting plugin ArchVisCharacter
LogPluginManager: Mounting plugin AssetTags
LogPluginManager: Mounting plugin AudioCapture
LogPluginManager: Mounting plugin CableComponent
LogPluginManager: Mounting plugin CustomMeshComponent
LogPluginManager: Mounting plugin EditableMesh
LogPluginManager: Mounting plugin ExampleDeviceProfileSelector
LogPluginManager: Mounting plugin GoogleCloudMessaging
LogPluginManager: Mounting plugin IOSDeviceProfileSelector
LogPluginManager: Mounting plugin LinuxDeviceProfileSelector
LogPluginManager: Mounting plugin LocationServicesBPLibrary
LogPluginManager: Mounting plugin MobilePatchingUtils
LogPluginManager: Mounting plugin OculusVR
LogPluginManager: Mounting plugin PhysXVehicles
LogPluginManager: Mounting plugin PostSplashScreen
LogPluginManager: Mounting plugin ProceduralMeshComponent
LogPluginManager: Mounting plugin RuntimePhysXCooking
LogPluginManager: Mounting plugin SignificanceManager
LogPluginManager: Mounting plugin SteamVR
LogPluginManager: Mounting plugin WebMMoviePlayer
LogPluginManager: Mounting plugin WindowsMoviePlayer
LogPluginManager: Mounting plugin ScreenshotTools
LogInit: Using libcurl 7.55.1-DEV
LogInit:  - built for x86_64-pc-win32
LogInit:  - supports SSL with OpenSSL/1.1.1
LogInit:  - supports HTTP deflate (compression) using libz 1.2.8
LogInit:  - other features:
LogInit:      CURL_VERSION_SSL
LogInit:      CURL_VERSION_LIBZ
LogInit:      CURL_VERSION_IPV6
LogInit:      CURL_VERSION_ASYNCHDNS
LogInit:      CURL_VERSION_LARGEFILE
LogInit:      CURL_VERSION_IDN
LogInit:  CurlRequestOptions (configurable via config and command line):
LogInit:  - bVerifyPeer = true  - Libcurl will verify peer certificate
LogInit:  - bUseHttpProxy = false  - Libcurl will NOT use HTTP proxy
LogInit:  - bDontReuseConnections = false  - Libcurl will reuse connections
LogInit:  - MaxHostConnections = 16  - Libcurl will limit the number of connections to a host
LogInit:  - LocalHostAddr = Default
LogInit:  - BufferSize = 65536
LogOnline: OSS: Creating online subsystem instance for: NULL
LogInit: WinSock: version 1.1 (2.2), MaxSocks=32767, MaxUdp=65467
LogOnline: OSS: TryLoadSubsystemAndSetDefault: Loaded subsystem for module [NULL]
LogInit: Build: ++UE4+Release-4.24-CL-11100242
LogInit: Engine Version: 4.24.2-11100242+++UE4+Release-4.24
LogInit: Compatible Engine Version: 4.24.0-10570792+++UE4+Release-4.24
LogInit: Net CL: 10570792
LogInit: OS: Windows 10 (Release 1903) (), CPU: Intel(R) Core(TM) i7-9750H CPU @ 2.60GHz, GPU: Intel(R) UHD Graphics 630
LogInit: Compiled (64-bit): Jan 24 2020 02:05:53
LogInit: Compiled with Visual C++: 19.16.27032.01
LogInit: Build Configuration: Development
LogInit: Branch Name: ++UE4+Release-4.24
LogInit: Command Line: 
LogInit: Base Directory: D:/Jeux Unreal/UE_4.24/Engine/Binaries/Win64/
LogInit: Installed Engine Build: 1
LogDevObjectVersion: Number of dev versions registered: 25
LogDevObjectVersion:   Dev-Blueprints (B0D832E4-1F89-4F0D-ACCF-7EB736FD4AA2): 10
LogDevObjectVersion:   Dev-Build (E1C64328-A22C-4D53-A36C-8E866417BD8C): 0
LogDevObjectVersion:   Dev-Core (375EC13C-06E4-48FB-B500-84F0262A717E): 3
LogDevObjectVersion:   Dev-Editor (E4B068ED-F494-42E9-A231-DA0B2E46BB41): 37
LogDevObjectVersion:   Dev-Framework (CFFC743F-43B0-4480-9391-14DF171D2073): 36
LogDevObjectVersion:   Dev-Mobile (B02B49B5-BB20-44E9-A304-32B752E40360): 2
LogDevObjectVersion:   Dev-Networking (A4E4105C-59A1-49B5-A7C5-40C4547EDFEE): 0
LogDevObjectVersion:   Dev-Online (39C831C9-5AE6-47DC-9A44-9C173E1C8E7C): 0
LogDevObjectVersion:   Dev-Physics (78F01B33-EBEA-4F98-B9B4-84EACCB95AA2): 2
LogDevObjectVersion:   Dev-Platform (6631380F-2D4D-43E0-8009-CF276956A95A): 0
LogDevObjectVersion:   Dev-Rendering (12F88B9F-8875-4AFC-A67C-D90C383ABD29): 36
LogDevObjectVersion:   Dev-Sequencer (7B5AE74C-D270-4C10-A958-57980B212A5A): 11
LogDevObjectVersion:   Dev-VR (D7296918-1DD6-4BDD-9DE2-64A83CC13884): 2
LogDevObjectVersion:   Dev-LoadTimes (C2A15278-BFE7-4AFE-6C17-90FF531DF755): 1
LogDevObjectVersion:   Private-Geometry (6EACA3D4-40EC-4CC1-B786-8BED09428FC5): 3
LogDevObjectVersion:   Dev-AnimPhys (29E575DD-E0A3-4627-9D10-D276232CDCEA): 17
LogDevObjectVersion:   Dev-Anim (AF43A65D-7FD3-4947-9873-3E8ED9C1BB05): 2
LogDevObjectVersion:   Dev-ReflectionCapture (6B266CEC-1EC7-4B8F-A30B-E4D90942FC07): 1
LogDevObjectVersion:   Dev-Automation (0DF73D61-A23F-47EA-B727-89E90C41499A): 1
LogDevObjectVersion:   FortniteMain (601D1886-AC64-4F84-AA16-D3DE0DEAC7D6): 31
LogDevObjectVersion:   Dev-Enterprise (9DFFBCD6-494F-0158-E221-12823C92A888): 8
LogDevObjectVersion:   Dev-Niagara (F2AED0AC-9AFE-416F-8664-AA7FFA26D6FC): 1
LogDevObjectVersion:   Dev-Destruction (174F1F0B-B4C6-45A5-B13F-2EE8D0FB917D): 9
LogDevObjectVersion:   Dev-Physics-Ext (35F94A83-E258-406C-A318-09F59610247C): 8
LogDevObjectVersion:   Dev-CineCamera (B2E18506-4273-CFC2-A54E-F4BB758BBA07): 1
LogInit: Presizing for max 25165824 objects, including 0 objects not considered by GC, pre-allocating 0 bytes for permanent pool.
LogInit: Object subsystem initialized
LogConfig: Setting CVar [[con.DebugEarlyDefault:1]]
LogConfig: Setting CVar [[r.setres:1280x720]]
[2020.02.27-11.56.48:209][  0]LogConfig: Setting CVar [[r.VSync:0]]
[2020.02.27-11.56.48:209][  0]LogConfig: Setting CVar [[r.RHICmdBypass:0]]
[2020.02.27-11.56.48:209][  0]LogConfig: Applying CVar settings from Section [/Script/Engine.RendererSettings] File [D:/Tower defense v2/TowerDefense/Maheyahi/Saved/Config/Windows/Engine.ini]
[2020.02.27-11.56.48:209][  0]LogConfig: Setting CVar [[r.GPUCrashDebugging:0]]
[2020.02.27-11.56.48:209][  0]LogConfig: Applying CVar settings from Section [/Script/Engine.RendererOverrideSettings] File [D:/Tower defense v2/TowerDefense/Maheyahi/Saved/Config/Windows/Engine.ini]
[2020.02.27-11.56.48:209][  0]LogConfig: Applying CVar settings from Section [/Script/Engine.StreamingSettings] File [D:/Tower defense v2/TowerDefense/Maheyahi/Saved/Config/Windows/Engine.ini]
[2020.02.27-11.56.48:209][  0]LogConfig: Setting CVar [[s.MinBulkDataSizeForAsyncLoading:131072]]
[2020.02.27-11.56.48:209][  0]LogConfig: Setting CVar [[s.AsyncLoadingThreadEnabled:0]]
[2020.02.27-11.56.48:209][  0]LogConfig: Setting CVar [[s.EventDrivenLoaderEnabled:1]]
[2020.02.27-11.56.48:209][  0]LogConfig: Setting CVar [[s.WarnIfTimeLimitExceeded:0]]
[2020.02.27-11.56.48:209][  0]LogConfig: Setting CVar [[s.TimeLimitExceededMultiplier:1.5]]
[2020.02.27-11.56.48:209][  0]LogConfig: Setting CVar [[s.TimeLimitExceededMinTime:0.005]]
[2020.02.27-11.56.48:209][  0]LogConfig: Setting CVar [[s.UseBackgroundLevelStreaming:1]]
[2020.02.27-11.56.48:209][  0]LogConfig: Setting CVar [[s.PriorityAsyncLoadingExtraTime:15.0]]
[2020.02.27-11.56.48:209][  0]LogConfig: Setting CVar [[s.LevelStreamingActorsUpdateTimeLimit:5.0]]
[2020.02.27-11.56.48:209][  0]LogConfig: Setting CVar [[s.PriorityLevelStreamingActorsUpdateExtraTime:5.0]]
[2020.02.27-11.56.48:209][  0]LogConfig: Setting CVar [[s.LevelStreamingComponentsRegistrationGranularity:10]]
[2020.02.27-11.56.48:209][  0]LogConfig: Setting CVar [[s.UnregisterComponentsTimeLimit:1.0]]
[2020.02.27-11.56.48:209][  0]LogConfig: Setting CVar [[s.LevelStreamingComponentsUnregistrationGranularity:5]]
[2020.02.27-11.56.48:209][  0]LogConfig: Setting CVar [[s.FlushStreamingOnExit:1]]
[2020.02.27-11.56.48:209][  0]LogConfig: Applying CVar settings from Section [/Script/Engine.GarbageCollectionSettings] File [D:/Tower defense v2/TowerDefense/Maheyahi/Saved/Config/Windows/Engine.ini]
[2020.02.27-11.56.48:209][  0]LogConfig: Setting CVar [[gc.MaxObjectsNotConsideredByGC:1]]
[2020.02.27-11.56.48:209][  0]LogConfig: Setting CVar [[gc.SizeOfPermanentObjectPool:0]]
[2020.02.27-11.56.48:209][  0]LogConfig: Setting CVar [[gc.FlushStreamingOnGC:0]]
[2020.02.27-11.56.48:209][  0]LogConfig: Setting CVar [[gc.NumRetriesBeforeForcingGC:10]]
[2020.02.27-11.56.48:209][  0]LogConfig: Setting CVar [[gc.AllowParallelGC:1]]
[2020.02.27-11.56.48:209][  0]LogConfig: Setting CVar [[gc.TimeBetweenPurgingPendingKillObjects:61.1]]
[2020.02.27-11.56.48:209][  0]LogConfig: Setting CVar [[gc.MaxObjectsInEditor:25165824]]
[2020.02.27-11.56.48:209][  0]LogConfig: Setting CVar [[gc.IncrementalBeginDestroyEnabled:1]]
[2020.02.27-11.56.48:209][  0]LogConfig: Setting CVar [[gc.CreateGCClusters:1]]
[2020.02.27-11.56.48:209][  0]LogConfig: Setting CVar [[gc.MinGCClusterSize:5]]
[2020.02.27-11.56.48:209][  0]LogConfig: Setting CVar [[gc.ActorClusteringEnabled:0]]
[2020.02.27-11.56.48:209][  0]LogConfig: Setting CVar [[gc.BlueprintClusteringEnabled:0]]
[2020.02.27-11.56.48:209][  0]LogConfig: Setting CVar [[gc.UseDisregardForGCOnDedicatedServers:0]]
[2020.02.27-11.56.48:209][  0]LogConfig: Applying CVar settings from Section [/Script/Engine.NetworkSettings] File [D:/Tower defense v2/TowerDefense/Maheyahi/Saved/Config/Windows/Engine.ini]
[2020.02.27-11.56.48:209][  0]LogConfig: Applying CVar settings from Section [/Script/UnrealEd.CookerSettings] File [D:/Tower defense v2/TowerDefense/Maheyahi/Saved/Config/Windows/Engine.ini]
[2020.02.27-11.56.48:211][  0]LogConfig: Applying CVar settings from Section [ViewDistanceQuality@3] File [D:/Tower defense v2/TowerDefense/Maheyahi/Saved/Config/Windows/Scalability.ini]
[2020.02.27-11.56.48:211][  0]LogConfig: Setting CVar [[r.SkeletalMeshLODBias:0]]
[2020.02.27-11.56.48:211][  0]LogConfig: Setting CVar [[r.ViewDistanceScale:1.0]]
[2020.02.27-11.56.48:211][  0]LogConfig: Applying CVar settings from Section [AntiAliasingQuality@3] File [D:/Tower defense v2/TowerDefense/Maheyahi/Saved/Config/Windows/Scalability.ini]
[2020.02.27-11.56.48:211][  0]LogConfig: Setting CVar [[r.PostProcessAAQuality:4]]
[2020.02.27-11.56.48:211][  0]LogConfig: Applying CVar settings from Section [ShadowQuality@3] File [D:/Tower defense v2/TowerDefense/Maheyahi/Saved/Config/Windows/Scalability.ini]
[2020.02.27-11.56.48:211][  0]LogConfig: Setting CVar [[r.LightFunctionQuality:1]]
[2020.02.27-11.56.48:212][  0]LogConfig: Setting CVar [[r.ShadowQuality:5]]
[2020.02.27-11.56.48:212][  0]LogConfig: Setting CVar [[r.Shadow.CSM.MaxCascades:10]]
[2020.02.27-11.56.48:212][  0]LogConfig: Setting CVar [[r.Shadow.MaxResolution:2048]]
[2020.02.27-11.56.48:212][  0]LogConfig: Setting CVar [[r.Shadow.MaxCSMResolution:2048]]
[2020.02.27-11.56.48:212][  0]LogConfig: Setting CVar [[r.Shadow.RadiusThreshold:0.01]]
[2020.02.27-11.56.48:212][  0]LogConfig: Setting CVar [[r.Shadow.DistanceScale:1.0]]
[2020.02.27-11.56.48:212][  0]LogConfig: Setting CVar [[r.Shadow.CSM.TransitionScale:1.0]]
[2020.02.27-11.56.48:212][  0]LogConfig: Setting CVar [[r.Shadow.PreShadowResolutionFactor:1.0]]
[2020.02.27-11.56.48:212][  0]LogConfig: Setting CVar [[r.DistanceFieldShadowing:1]]
[2020.02.27-11.56.48:212][  0]LogConfig: Setting CVar [[r.DistanceFieldAO:1]]
[2020.02.27-11.56.48:212][  0]LogConfig: Setting CVar [[r.AOQuality:2]]
[2020.02.27-11.56.48:212][  0]LogConfig: Setting CVar [[r.VolumetricFog:1]]
[2020.02.27-11.56.48:212][  0]LogConfig: Setting CVar [[r.VolumetricFog.GridPixelSize:8]]
[2020.02.27-11.56.48:212][  0]LogConfig: Setting CVar [[r.VolumetricFog.GridSizeZ:128]]
[2020.02.27-11.56.48:212][  0]LogConfig: Setting CVar [[r.VolumetricFog.HistoryMissSupersampleCount:4]]
[2020.02.27-11.56.48:212][  0]LogConfig: Setting CVar [[r.LightMaxDrawDistanceScale:1]]
[2020.02.27-11.56.48:212][  0]LogConfig: Setting CVar [[r.CapsuleShadows:1]]
[2020.02.27-11.56.48:212][  0]LogConfig: Applying CVar settings from Section [PostProcessQuality@3] File [D:/Tower defense v2/TowerDefense/Maheyahi/Saved/Config/Windows/Scalability.ini]
[2020.02.27-11.56.48:212][  0]LogConfig: Setting CVar [[r.MotionBlurQuality:4]]
[2020.02.27-11.56.48:212][  0]LogConfig: Setting CVar [[r.AmbientOcclusionMipLevelFactor:0.4]]
[2020.02.27-11.56.48:212][  0]LogConfig: Setting CVar [[r.AmbientOcclusionMaxQuality:100]]
[2020.02.27-11.56.48:212][  0]LogConfig: Setting CVar [[r.AmbientOcclusionLevels:-1]]
[2020.02.27-11.56.48:212][  0]LogConfig: Setting CVar [[r.AmbientOcclusionRadiusScale:1.0]]
[2020.02.27-11.56.48:212][  0]LogConfig: Setting CVar [[r.DepthOfFieldQuality:2]]
[2020.02.27-11.56.48:212][  0]LogConfig: Setting CVar [[r.RenderTargetPoolMin:400]]
[2020.02.27-11.56.48:212][  0]LogConfig: Setting CVar [[r.LensFlareQuality:2]]
[2020.02.27-11.56.48:212][  0]LogConfig: Setting CVar [[r.SceneColorFringeQuality:1]]
[2020.02.27-11.56.48:212][  0]LogConfig: Setting CVar [[r.EyeAdaptationQuality:2]]
[2020.02.27-11.56.48:212][  0]LogConfig: Setting CVar [[r.BloomQuality:5]]
[2020.02.27-11.56.48:212][  0]LogConfig: Setting CVar [[r.FastBlurThreshold:100]]
[2020.02.27-11.56.48:212][  0]LogConfig: Setting CVar [[r.Upscale.Quality:3]]
[2020.02.27-11.56.48:212][  0]LogConfig: Setting CVar [[r.Tonemapper.GrainQuantization:1]]
[2020.02.27-11.56.48:212][  0]LogConfig: Setting CVar [[r.LightShaftQuality:1]]
[2020.02.27-11.56.48:212][  0]LogConfig: Setting CVar [[r.Filter.SizeScale:1]]
[2020.02.27-11.56.48:212][  0]LogConfig: Setting CVar [[r.Tonemapper.Quality:5]]
[2020.02.27-11.56.48:212][  0]LogConfig: Setting CVar [[r.DOF.Gather.AccumulatorQuality:1        ; higher gathering accumulator quality]]
[2020.02.27-11.56.48:212][  0]LogConfig: Setting CVar [[r.DOF.Gather.PostfilterMethod:1          ; Median3x3 postfilering method]]
[2020.02.27-11.56.48:212][  0]LogConfig: Setting CVar [[r.DOF.Gather.EnableBokehSettings:0       ; no bokeh simulation when gathering]]
[2020.02.27-11.56.48:212][  0]LogConfig: Setting CVar [[r.DOF.Gather.RingCount:4                 ; medium number of samples when gathering]]
[2020.02.27-11.56.48:212][  0]LogConfig: Setting CVar [[r.DOF.Scatter.ForegroundCompositing:1    ; additive foreground scattering]]
[2020.02.27-11.56.48:212][  0]LogConfig: Setting CVar [[r.DOF.Scatter.BackgroundCompositing:2    ; additive background scattering]]
[2020.02.27-11.56.48:212][  0]LogConfig: Setting CVar [[r.DOF.Scatter.EnableBokehSettings:1      ; bokeh simulation when scattering]]
[2020.02.27-11.56.48:212][  0]LogConfig: Setting CVar [[r.DOF.Scatter.MaxSpriteRatio:0.1         ; only a maximum of 10% of scattered bokeh]]
[2020.02.27-11.56.48:212][  0]LogConfig: Setting CVar [[r.DOF.Recombine.Quality:1                ; cheap slight out of focus]]
[2020.02.27-11.56.48:212][  0]LogConfig: Setting CVar [[r.DOF.Recombine.EnableBokehSettings:0    ; no bokeh simulation on slight out of focus]]
[2020.02.27-11.56.48:212][  0]LogConfig: Setting CVar [[r.DOF.TemporalAAQuality:1                ; more stable temporal accumulation]]
[2020.02.27-11.56.48:212][  0]LogConfig: Setting CVar [[r.DOF.Kernel.MaxForegroundRadius:0.025]]
[2020.02.27-11.56.48:212][  0]LogConfig: Setting CVar [[r.DOF.Kernel.MaxBackgroundRadius:0.025]]
[2020.02.27-11.56.48:212][  0]LogConfig: Applying CVar settings from Section [TextureQuality@3] File [D:/Tower defense v2/TowerDefense/Maheyahi/Saved/Config/Windows/Scalability.ini]
[2020.02.27-11.56.48:212][  0]LogConfig: Setting CVar [[r.Streaming.MipBias:0]]
[2020.02.27-11.56.48:212][  0]LogConfig: Setting CVar [[r.Streaming.AmortizeCPUToGPUCopy:0]]
[2020.02.27-11.56.48:212][  0]LogConfig: Setting CVar [[r.Streaming.MaxNumTexturesToStreamPerFrame:0]]
[2020.02.27-11.56.48:212][  0]LogConfig: Setting CVar [[r.Streaming.Boost:1]]
[2020.02.27-11.56.48:212][  0]LogConfig: Setting CVar [[r.MaxAnisotropy:8]]
[2020.02.27-11.56.48:212][  0]LogConfig: Setting CVar [[r.VT.MaxAnisotropy:8]]
[2020.02.27-11.56.48:212][  0]LogConfig: Setting CVar [[r.Streaming.LimitPoolSizeToVRAM:0]]
[2020.02.27-11.56.48:212][  0]LogConfig: Setting CVar [[r.Streaming.PoolSize:1000]]
[2020.02.27-11.56.48:212][  0]LogConfig: Setting CVar [[r.Streaming.MaxEffectiveScreenSize:0]]
[2020.02.27-11.56.48:212][  0]LogConfig: Applying CVar settings from Section [EffectsQuality@3] File [D:/Tower defense v2/TowerDefense/Maheyahi/Saved/Config/Windows/Scalability.ini]
[2020.02.27-11.56.48:212][  0]LogConfig: Setting CVar [[r.TranslucencyLightingVolumeDim:64]]
[2020.02.27-11.56.48:212][  0]LogConfig: Setting CVar [[r.RefractionQuality:2]]
[2020.02.27-11.56.48:212][  0]LogConfig: Setting CVar [[r.SSR.Quality:3]]
[2020.02.27-11.56.48:212][  0]LogConfig: Setting CVar [[r.SSR.HalfResSceneColor:0]]
[2020.02.27-11.56.48:212][  0]LogConfig: Setting CVar [[r.SceneColorFormat:4]]
[2020.02.27-11.56.48:212][  0]LogConfig: Setting CVar [[r.DetailMode:2]]
[2020.02.27-11.56.48:212][  0]LogConfig: Setting CVar [[r.TranslucencyVolumeBlur:1]]
[2020.02.27-11.56.48:212][  0]LogConfig: Setting CVar [[r.MaterialQualityLevel:1 ; High quality]]
[2020.02.27-11.56.48:212][  0]LogConfig: Setting CVar [[r.SSS.Scale:1]]
[2020.02.27-11.56.48:212][  0]LogConfig: Setting CVar [[r.SSS.SampleSet:2]]
[2020.02.27-11.56.48:212][  0]LogConfig: Setting CVar [[r.SSS.Quality:1]]
[2020.02.27-11.56.48:212][  0]LogConfig: Setting CVar [[r.SSS.HalfRes:1]]
[2020.02.27-11.56.48:212][  0]LogConfig: Setting CVar [[r.SSGI.Quality:3]]
[2020.02.27-11.56.48:212][  0]LogConfig: Setting CVar [[r.EmitterSpawnRateScale:1.0]]
[2020.02.27-11.56.48:212][  0]LogConfig: Setting CVar [[r.ParticleLightQuality:2]]
[2020.02.27-11.56.48:212][  0]LogConfig: Setting CVar [[r.SkyAtmosphere.AerialPerspectiveLUT.FastApplyOnOpaque:1 ; Always have FastSkyLUT 1 in this case to avoid wrong sky]]
[2020.02.27-11.56.48:212][  0]LogConfig: Setting CVar [[r.SkyAtmosphere.AerialPerspectiveLUT.SampleCountPerSlice:1]]
[2020.02.27-11.56.48:212][  0]LogConfig: Setting CVar [[r.SkyAtmosphere.AerialPerspectiveLUT.DepthResolution:16.0]]
[2020.02.27-11.56.48:212][  0]LogConfig: Setting CVar [[r.SkyAtmosphere.FastSkyLUT:1]]
[2020.02.27-11.56.48:212][  0]LogConfig: Setting CVar [[r.SkyAtmosphere.FastSkyLUT.SampleCountMin:4.0]]
[2020.02.27-11.56.48:212][  0]LogConfig: Setting CVar [[r.SkyAtmosphere.FastSkyLUT.SampleCountMax:32.0]]
[2020.02.27-11.56.48:212][  0]LogConfig: Setting CVar [[r.SkyAtmosphere.SampleCountMin:4.0]]
[2020.02.27-11.56.48:212][  0]LogConfig: Setting CVar [[r.SkyAtmosphere.SampleCountMax:32.0]]
[2020.02.27-11.56.48:212][  0]LogConfig: Setting CVar [[r.SkyAtmosphere.TransmittanceLUT.UseSmallFormat:0]]
[2020.02.27-11.56.48:213][  0]LogConfig: Setting CVar [[r.SkyAtmosphere.TransmittanceLUT.SampleCount:10.0]]
[2020.02.27-11.56.48:213][  0]LogConfig: Setting CVar [[r.SkyAtmosphere.MultiScatteringLUT.SampleCount:15.0]]
[2020.02.27-11.56.48:213][  0]LogConfig: Applying CVar settings from Section [FoliageQuality@3] File [D:/Tower defense v2/TowerDefense/Maheyahi/Saved/Config/Windows/Scalability.ini]
[2020.02.27-11.56.48:213][  0]LogConfig: Setting CVar [[foliage.DensityScale:1.0]]
[2020.02.27-11.56.48:213][  0]LogConfig: Setting CVar [[grass.DensityScale:1.0]]
[2020.02.27-11.56.48:213][  0]LogConfig: Applying CVar settings from Section [ShadingQuality@3] File [D:/Tower defense v2/TowerDefense/Maheyahi/Saved/Config/Windows/Scalability.ini]
[2020.02.27-11.56.48:213][  0]LogConfig: Setting CVar [[r.HairStrands.SkyLighting.SampleCount:16]]
[2020.02.27-11.56.48:213][  0]LogConfig: Setting CVar [[r.HairStrands.SkyLighting.JitterIntegration:0]]
[2020.02.27-11.56.48:213][  0]LogConfig: Setting CVar [[r.HairStrands.SkyAO.SampleCount:16]]
[2020.02.27-11.56.48:213][  0]LogInit: Selected Device Profile: [Windows]
[2020.02.27-11.56.48:213][  0]LogInit: Applying CVar settings loaded from the selected device profile: [Windows]
[2020.02.27-11.56.48:232][  0]LogHAL: Display: Platform has ~ 16 GB [16983629824 / 17179869184 / 16], which maps to Larger [LargestMinGB=32, LargerMinGB=12, DefaultMinGB=8, SmallerMinGB=6, SmallestMinGB=0)
[2020.02.27-11.56.48:232][  0]LogInit: Going up to parent DeviceProfile []
[2020.02.27-11.56.48:232][  0]LogConfig: Applying CVar settings from Section [ViewDistanceQuality@3] File [D:/Tower defense v2/TowerDefense/Maheyahi/Saved/Config/Windows/Scalability.ini]
[2020.02.27-11.56.48:232][  0]LogConfig: Setting CVar [[r.SkeletalMeshLODBias:0]]
[2020.02.27-11.56.48:232][  0]LogConfig: Setting CVar [[r.ViewDistanceScale:1.0]]
[2020.02.27-11.56.48:232][  0]LogConfig: Applying CVar settings from Section [AntiAliasingQuality@3] File [D:/Tower defense v2/TowerDefense/Maheyahi/Saved/Config/Windows/Scalability.ini]
[2020.02.27-11.56.48:232][  0]LogConfig: Setting CVar [[r.PostProcessAAQuality:4]]
[2020.02.27-11.56.48:232][  0]LogConfig: Applying CVar settings from Section [ShadowQuality@3] File [D:/Tower defense v2/TowerDefense/Maheyahi/Saved/Config/Windows/Scalability.ini]
[2020.02.27-11.56.48:232][  0]LogConfig: Setting CVar [[r.LightFunctionQuality:1]]
[2020.02.27-11.56.48:232][  0]LogConfig: Setting CVar [[r.ShadowQuality:5]]
[2020.02.27-11.56.48:232][  0]LogConfig: Setting CVar [[r.Shadow.CSM.MaxCascades:10]]
[2020.02.27-11.56.48:232][  0]LogConfig: Setting CVar [[r.Shadow.MaxResolution:2048]]
[2020.02.27-11.56.48:232][  0]LogConfig: Setting CVar [[r.Shadow.MaxCSMResolution:2048]]
[2020.02.27-11.56.48:232][  0]LogConfig: Setting CVar [[r.Shadow.RadiusThreshold:0.01]]
[2020.02.27-11.56.48:232][  0]LogConfig: Setting CVar [[r.Shadow.DistanceScale:1.0]]
[2020.02.27-11.56.48:232][  0]LogConfig: Setting CVar [[r.Shadow.CSM.TransitionScale:1.0]]
[2020.02.27-11.56.48:232][  0]LogConfig: Setting CVar [[r.Shadow.PreShadowResolutionFactor:1.0]]
[2020.02.27-11.56.48:232][  0]LogConfig: Setting CVar [[r.DistanceFieldShadowing:1]]
[2020.02.27-11.56.48:232][  0]LogConfig: Setting CVar [[r.DistanceFieldAO:1]]
[2020.02.27-11.56.48:232][  0]LogConfig: Setting CVar [[r.AOQuality:2]]
[2020.02.27-11.56.48:232][  0]LogConfig: Setting CVar [[r.VolumetricFog:1]]
[2020.02.27-11.56.48:232][  0]LogConfig: Setting CVar [[r.VolumetricFog.GridPixelSize:8]]
[2020.02.27-11.56.48:232][  0]LogConfig: Setting CVar [[r.VolumetricFog.GridSizeZ:128]]
[2020.02.27-11.56.48:232][  0]LogConfig: Setting CVar [[r.VolumetricFog.HistoryMissSupersampleCount:4]]
[2020.02.27-11.56.48:232][  0]LogConfig: Setting CVar [[r.LightMaxDrawDistanceScale:1]]
[2020.02.27-11.56.48:232][  0]LogConfig: Setting CVar [[r.CapsuleShadows:1]]
[2020.02.27-11.56.48:232][  0]LogConfig: Applying CVar settings from Section [PostProcessQuality@3] File [D:/Tower defense v2/TowerDefense/Maheyahi/Saved/Config/Windows/Scalability.ini]
[2020.02.27-11.56.48:232][  0]LogConfig: Setting CVar [[r.MotionBlurQuality:4]]
[2020.02.27-11.56.48:232][  0]LogConfig: Setting CVar [[r.AmbientOcclusionMipLevelFactor:0.4]]
[2020.02.27-11.56.48:233][  0]LogConfig: Setting CVar [[r.AmbientOcclusionMaxQuality:100]]
[2020.02.27-11.56.48:233][  0]LogConfig: Setting CVar [[r.AmbientOcclusionLevels:-1]]
[2020.02.27-11.56.48:233][  0]LogConfig: Setting CVar [[r.AmbientOcclusionRadiusScale:1.0]]
[2020.02.27-11.56.48:233][  0]LogConfig: Setting CVar [[r.DepthOfFieldQuality:2]]
[2020.02.27-11.56.48:233][  0]LogConfig: Setting CVar [[r.RenderTargetPoolMin:400]]
[2020.02.27-11.56.48:233][  0]LogConfig: Setting CVar [[r.LensFlareQuality:2]]
[2020.02.27-11.56.48:233][  0]LogConfig: Setting CVar [[r.SceneColorFringeQuality:1]]
[2020.02.27-11.56.48:233][  0]LogConfig: Setting CVar [[r.EyeAdaptationQuality:2]]
[2020.02.27-11.56.48:233][  0]LogConfig: Setting CVar [[r.BloomQuality:5]]
[2020.02.27-11.56.48:233][  0]LogConfig: Setting CVar [[r.FastBlurThreshold:100]]
[2020.02.27-11.56.48:233][  0]LogConfig: Setting CVar [[r.Upscale.Quality:3]]
[2020.02.27-11.56.48:233][  0]LogConfig: Setting CVar [[r.Tonemapper.GrainQuantization:1]]
[2020.02.27-11.56.48:233][  0]LogConfig: Setting CVar [[r.LightShaftQuality:1]]
[2020.02.27-11.56.48:233][  0]LogConfig: Setting CVar [[r.Filter.SizeScale:1]]
[2020.02.27-11.56.48:233][  0]LogConfig: Setting CVar [[r.Tonemapper.Quality:5]]
[2020.02.27-11.56.48:233][  0]LogConfig: Setting CVar [[r.DOF.Gather.AccumulatorQuality:1        ; higher gathering accumulator quality]]
[2020.02.27-11.56.48:233][  0]LogConfig: Setting CVar [[r.DOF.Gather.PostfilterMethod:1          ; Median3x3 postfilering method]]
[2020.02.27-11.56.48:233][  0]LogConfig: Setting CVar [[r.DOF.Gather.EnableBokehSettings:0       ; no bokeh simulation when gathering]]
[2020.02.27-11.56.48:233][  0]LogConfig: Setting CVar [[r.DOF.Gather.RingCount:4                 ; medium number of samples when gathering]]
[2020.02.27-11.56.48:233][  0]LogConfig: Setting CVar [[r.DOF.Scatter.ForegroundCompositing:1    ; additive foreground scattering]]
[2020.02.27-11.56.48:233][  0]LogConfig: Setting CVar [[r.DOF.Scatter.BackgroundCompositing:2    ; additive background scattering]]
[2020.02.27-11.56.48:233][  0]LogConfig: Setting CVar [[r.DOF.Scatter.EnableBokehSettings:1      ; bokeh simulation when scattering]]
[2020.02.27-11.56.48:233][  0]LogConfig: Setting CVar [[r.DOF.Scatter.MaxSpriteRatio:0.1         ; only a maximum of 10% of scattered bokeh]]
[2020.02.27-11.56.48:233][  0]LogConfig: Setting CVar [[r.DOF.Recombine.Quality:1                ; cheap slight out of focus]]
[2020.02.27-11.56.48:233][  0]LogConfig: Setting CVar [[r.DOF.Recombine.EnableBokehSettings:0    ; no bokeh simulation on slight out of focus]]
[2020.02.27-11.56.48:233][  0]LogConfig: Setting CVar [[r.DOF.TemporalAAQuality:1                ; more stable temporal accumulation]]
[2020.02.27-11.56.48:233][  0]LogConfig: Setting CVar [[r.DOF.Kernel.MaxForegroundRadius:0.025]]
[2020.02.27-11.56.48:233][  0]LogConfig: Setting CVar [[r.DOF.Kernel.MaxBackgroundRadius:0.025]]
[2020.02.27-11.56.48:233][  0]LogConfig: Applying CVar settings from Section [TextureQuality@3] File [D:/Tower defense v2/TowerDefense/Maheyahi/Saved/Config/Windows/Scalability.ini]
[2020.02.27-11.56.48:233][  0]LogConfig: Setting CVar [[r.Streaming.MipBias:0]]
[2020.02.27-11.56.48:233][  0]LogConfig: Setting CVar [[r.Streaming.AmortizeCPUToGPUCopy:0]]
[2020.02.27-11.56.48:233][  0]LogConfig: Setting CVar [[r.Streaming.MaxNumTexturesToStreamPerFrame:0]]
[2020.02.27-11.56.48:233][  0]LogConfig: Setting CVar [[r.Streaming.Boost:1]]
[2020.02.27-11.56.48:233][  0]LogConfig: Setting CVar [[r.MaxAnisotropy:8]]
[2020.02.27-11.56.48:233][  0]LogConfig: Setting CVar [[r.VT.MaxAnisotropy:8]]
[2020.02.27-11.56.48:233][  0]LogConfig: Setting CVar [[r.Streaming.LimitPoolSizeToVRAM:0]]
[2020.02.27-11.56.48:233][  0]LogConfig: Setting CVar [[r.Streaming.PoolSize:1000]]
[2020.02.27-11.56.48:233][  0]LogConfig: Setting CVar [[r.Streaming.MaxEffectiveScreenSize:0]]
[2020.02.27-11.56.48:233][  0]LogConfig: Applying CVar settings from Section [EffectsQuality@3] File [D:/Tower defense v2/TowerDefense/Maheyahi/Saved/Config/Windows/Scalability.ini]
[2020.02.27-11.56.48:233][  0]LogConfig: Setting CVar [[r.TranslucencyLightingVolumeDim:64]]
[2020.02.27-11.56.48:233][  0]LogConfig: Setting CVar [[r.RefractionQuality:2]]
[2020.02.27-11.56.48:233][  0]LogConfig: Setting CVar [[r.SSR.Quality:3]]
[2020.02.27-11.56.48:233][  0]LogConfig: Setting CVar [[r.SSR.HalfResSceneColor:0]]
[2020.02.27-11.56.48:233][  0]LogConfig: Setting CVar [[r.SceneColorFormat:4]]
[2020.02.27-11.56.48:233][  0]LogConfig: Setting CVar [[r.DetailMode:2]]
[2020.02.27-11.56.48:233][  0]LogConfig: Setting CVar [[r.TranslucencyVolumeBlur:1]]
[2020.02.27-11.56.48:233][  0]LogConfig: Setting CVar [[r.MaterialQualityLevel:1 ; High quality]]
[2020.02.27-11.56.48:233][  0]LogConfig: Setting CVar [[r.SSS.Scale:1]]
[2020.02.27-11.56.48:233][  0]LogConfig: Setting CVar [[r.SSS.SampleSet:2]]
[2020.02.27-11.56.48:233][  0]LogConfig: Setting CVar [[r.SSS.Quality:1]]
[2020.02.27-11.56.48:233][  0]LogConfig: Setting CVar [[r.SSS.HalfRes:1]]
[2020.02.27-11.56.48:233][  0]LogConfig: Setting CVar [[r.SSGI.Quality:3]]
[2020.02.27-11.56.48:233][  0]LogConfig: Setting CVar [[r.EmitterSpawnRateScale:1.0]]
[2020.02.27-11.56.48:233][  0]LogConfig: Setting CVar [[r.ParticleLightQuality:2]]
[2020.02.27-11.56.48:233][  0]LogConfig: Setting CVar [[r.SkyAtmosphere.AerialPerspectiveLUT.FastApplyOnOpaque:1 ; Always have FastSkyLUT 1 in this case to avoid wrong sky]]
[2020.02.27-11.56.48:233][  0]LogConfig: Setting CVar [[r.SkyAtmosphere.AerialPerspectiveLUT.SampleCountPerSlice:1]]
[2020.02.27-11.56.48:233][  0]LogConfig: Setting CVar [[r.SkyAtmosphere.AerialPerspectiveLUT.DepthResolution:16.0]]
[2020.02.27-11.56.48:233][  0]LogConfig: Setting CVar [[r.SkyAtmosphere.FastSkyLUT:1]]
[2020.02.27-11.56.48:233][  0]LogConfig: Setting CVar [[r.SkyAtmosphere.FastSkyLUT.SampleCountMin:4.0]]
[2020.02.27-11.56.48:233][  0]LogConfig: Setting CVar [[r.SkyAtmosphere.FastSkyLUT.SampleCountMax:32.0]]
[2020.02.27-11.56.48:233][  0]LogConfig: Setting CVar [[r.SkyAtmosphere.SampleCountMin:4.0]]
[2020.02.27-11.56.48:233][  0]LogConfig: Setting CVar [[r.SkyAtmosphere.SampleCountMax:32.0]]
[2020.02.27-11.56.48:233][  0]LogConfig: Setting CVar [[r.SkyAtmosphere.TransmittanceLUT.UseSmallFormat:0]]
[2020.02.27-11.56.48:233][  0]LogConfig: Setting CVar [[r.SkyAtmosphere.TransmittanceLUT.SampleCount:10.0]]
[2020.02.27-11.56.48:233][  0]LogConfig: Setting CVar [[r.SkyAtmosphere.MultiScatteringLUT.SampleCount:15.0]]
[2020.02.27-11.56.48:233][  0]LogConfig: Applying CVar settings from Section [FoliageQuality@3] File [D:/Tower defense v2/TowerDefense/Maheyahi/Saved/Config/Windows/Scalability.ini]
[2020.02.27-11.56.48:233][  0]LogConfig: Setting CVar [[foliage.DensityScale:1.0]]
[2020.02.27-11.56.48:233][  0]LogConfig: Setting CVar [[grass.DensityScale:1.0]]
[2020.02.27-11.56.48:233][  0]LogConfig: Applying CVar settings from Section [ShadingQuality@3] File [D:/Tower defense v2/TowerDefense/Maheyahi/Saved/Config/Windows/Scalability.ini]
[2020.02.27-11.56.48:233][  0]LogConfig: Setting CVar [[r.HairStrands.SkyLighting.SampleCount:16]]
[2020.02.27-11.56.48:233][  0]LogConfig: Setting CVar [[r.HairStrands.SkyLighting.JitterIntegration:0]]
[2020.02.27-11.56.48:233][  0]LogConfig: Setting CVar [[r.HairStrands.SkyAO.SampleCount:16]]
[2020.02.27-11.56.48:233][  0]LogConfig: Applying CVar settings from Section [Startup] File [../../../Engine/Config/ConsoleVariables.ini]
[2020.02.27-11.56.48:239][  0]LogConfig: Setting CVar [[net.UseAdaptiveNetUpdateFrequency:0]]
[2020.02.27-11.56.48:239][  0]LogConfig: Setting CVar [[p.chaos.AllowCreatePhysxBodies:1]]
[2020.02.27-11.56.48:239][  0]LogConfig: Applying CVar settings from Section [ConsoleVariables] File [D:/Tower defense v2/TowerDefense/Maheyahi/Saved/Config/Windows/Engine.ini]
[2020.02.27-11.56.48:239][  0]LogInit: Computer: DESKTOP-DU7ORKK
[2020.02.27-11.56.48:239][  0]LogInit: User: koico
[2020.02.27-11.56.48:239][  0]LogInit: CPU Page size=4096, Cores=6
[2020.02.27-11.56.48:239][  0]LogInit: High frequency timer resolution =10.000000 MHz
[2020.02.27-11.56.48:239][  0]LogMemory: Memory total: Physical=15.8GB (16GB approx)
[2020.02.27-11.56.48:239][  0]LogMemory: Platform Memory Stats for Windows
[2020.02.27-11.56.48:239][  0]LogMemory: Process Physical Memory: 106.21 MB used, 106.21 MB peak
[2020.02.27-11.56.48:239][  0]LogMemory: Process Virtual Memory: 101.49 MB used, 101.49 MB peak
[2020.02.27-11.56.48:239][  0]LogMemory: Physical Memory: 7471.09 MB used,  8725.77 MB free, 16196.85 MB total
[2020.02.27-11.56.48:239][  0]LogMemory: Virtual Memory: 5159.25 MB used,  134212568.00 MB free, 134217728.00 MB total
[2020.02.27-11.56.48:285][  0]LogWindows: WindowsPlatformFeatures enabled
[2020.02.27-11.56.48:867][  0]LogInit: Using OS detected language (fr-FR).
[2020.02.27-11.56.48:867][  0]LogInit: Using OS detected locale (fr-FR).
[2020.02.27-11.56.48:868][  0]LogTextLocalizationManager: No specific localization for 'fr-FR' exists, so the 'fr' localization will be used.
[2020.02.27-11.56.48:868][  0]LogTextLocalizationResource: LocRes '../../../Engine/Content/Localization/Editor/fr/Editor.locres' could not be opened for reading!
[2020.02.27-11.56.48:868][  0]LogTextLocalizationResource: LocRes '../../../Engine/Content/Localization/EditorTutorials/fr/EditorTutorials.locres' could not be opened for reading!
[2020.02.27-11.56.48:868][  0]LogTextLocalizationResource: LocRes '../../../Engine/Content/Localization/Keywords/fr/Keywords.locres' could not be opened for reading!
[2020.02.27-11.56.48:868][  0]LogTextLocalizationResource: LocRes '../../../Engine/Content/Localization/Category/fr/Category.locres' could not be opened for reading!
[2020.02.27-11.56.48:868][  0]LogTextLocalizationResource: LocRes '../../../Engine/Content/Localization/ToolTips/fr/ToolTips.locres' could not be opened for reading!
[2020.02.27-11.56.48:868][  0]LogTextLocalizationResource: LocRes '../../../Engine/Content/Localization/PropertyNames/fr/PropertyNames.locres' could not be opened for reading!
[2020.02.27-11.56.48:868][  0]LogTextLocalizationResource: LocRes '../../../Engine/Content/Localization/Engine/fr/Engine.locres' could not be opened for reading!
[2020.02.27-11.56.48:947][  0]LogInit: Setting process to per monitor DPI aware
[2020.02.27-11.56.49:140][  0]LogSlate: New Slate User Created.  User Index 0, Is Virtual User: 0
[2020.02.27-11.56.49:140][  0]LogSlate: Slate User Registered.  User Index 0, Is Virtual User: 0
[2020.02.27-11.56.51:167][  0]LogHMD: Failed to initialize OpenVR with code 110
[2020.02.27-11.56.51:167][  0]LogD3D11RHI: D3D11 min allowed feature level: 11_0
[2020.02.27-11.56.51:167][  0]LogD3D11RHI: D3D11 max allowed feature level: 11_0
[2020.02.27-11.56.51:167][  0]LogD3D11RHI: D3D11 adapters:
[2020.02.27-11.56.51:260][  0]LogD3D11RHI:    0. 'NVIDIA GeForce RTX 2060' (Feature Level 11_0)
[2020.02.27-11.56.51:260][  0]LogD3D11RHI:       5980/0/8098 MB DedicatedVideo/DedicatedSystem/SharedSystem, Outputs:1, VendorId:0x10de
[2020.02.27-11.56.51:280][  0]LogD3D11RHI:    1. 'Intel(R) UHD Graphics 630' (Feature Level 11_0)
[2020.02.27-11.56.51:280][  0]LogD3D11RHI:       128/0/8098 MB DedicatedVideo/DedicatedSystem/SharedSystem, Outputs:0, VendorId:0x8086
[2020.02.27-11.56.51:282][  0]LogD3D11RHI:    2. 'Microsoft Basic Render Driver' (Feature Level 11_0)
[2020.02.27-11.56.51:282][  0]LogD3D11RHI:       0/0/8098 MB DedicatedVideo/DedicatedSystem/SharedSystem, Outputs:0, VendorId:0x1414
[2020.02.27-11.56.51:282][  0]LogD3D11RHI: Chosen D3D11 Adapter: 0
[2020.02.27-11.56.51:317][  0]LogD3D11RHI: Creating new Direct3DDevice
[2020.02.27-11.56.51:318][  0]LogD3D11RHI:     GPU DeviceId: 0x1f11 (for the marketing name, search the web for "GPU Device Id")
[2020.02.27-11.56.51:318][  0]LogWindows: EnumDisplayDevices:
[2020.02.27-11.56.51:318][  0]LogWindows:    0. 'Intel(R) UHD Graphics 630' (P:1 D:1)
[2020.02.27-11.56.51:318][  0]LogWindows:    1. 'Intel(R) UHD Graphics 630' (P:0 D:0)
[2020.02.27-11.56.51:318][  0]LogWindows:    2. 'Intel(R) UHD Graphics 630' (P:0 D:0)
[2020.02.27-11.56.51:318][  0]LogWindows:    3. 'NVIDIA GeForce RTX 2060' (P:0 D:0)
[2020.02.27-11.56.51:319][  0]LogWindows:    4. 'NVIDIA GeForce RTX 2060' (P:0 D:0)
[2020.02.27-11.56.51:319][  0]LogWindows:    5. 'NVIDIA GeForce RTX 2060' (P:0 D:0)
[2020.02.27-11.56.51:319][  0]LogWindows:    6. 'NVIDIA GeForce RTX 2060' (P:0 D:0)
[2020.02.27-11.56.51:319][  0]LogWindows: DebugString: PrimaryIsNotTheChoosenAdapter PrimaryIsNotTheChoosenAdapter PrimaryIsNotTheChoosenAdapter FoundDriverCount:4 
[2020.02.27-11.56.51:319][  0]LogD3D11RHI:     Adapter Name: NVIDIA GeForce RTX 2060
[2020.02.27-11.56.51:319][  0]LogD3D11RHI:   Driver Version: 441.45 (internal:26.21.14.4145, unified:441.45)
[2020.02.27-11.56.51:319][  0]LogD3D11RHI:      Driver Date: 11-26-2019
[2020.02.27-11.56.51:319][  0]LogRHI: Texture pool is 4186 MB (70% of 5980 MB)
[2020.02.27-11.56.51:359][  0]LogD3D11RHI: RHI has support for 64 bit atomics
[2020.02.27-11.56.51:360][  0]LogD3D11RHI: Async texture creation enabled
[2020.02.27-11.56.51:370][  0]LogD3D11RHI: GPU Timing Frequency: 1000.000000 (Debug: 2 1)
[2020.02.27-11.56.51:950][  0]LogTargetPlatformManager: Display: Loaded TargetPlatform 'AllDesktop'
[2020.02.27-11.56.52:025][  0]LogTargetPlatformManager: Display: Loaded TargetPlatform 'Android'
[2020.02.27-11.56.52:025][  0]LogTargetPlatformManager: Display: Loaded TargetPlatform 'Android_ASTC'
[2020.02.27-11.56.52:025][  0]LogTargetPlatformManager: Display: Loaded TargetPlatform 'Android_ATC'
[2020.02.27-11.56.52:025][  0]LogTargetPlatformManager: Display: Loaded TargetPlatform 'Android_DXT'
[2020.02.27-11.56.52:025][  0]LogTargetPlatformManager: Display: Loaded TargetPlatform 'Android_ETC1'
[2020.02.27-11.56.52:025][  0]LogTargetPlatformManager: Display: Loaded TargetPlatform 'Android_ETC1a'
[2020.02.27-11.56.52:025][  0]LogTargetPlatformManager: Display: Loaded TargetPlatform 'Android_ETC2'
[2020.02.27-11.56.52:025][  0]LogTargetPlatformManager: Display: Loaded TargetPlatform 'Android_PVRTC'
[2020.02.27-11.56.52:025][  0]LogTargetPlatformManager: Display: Loaded TargetPlatform 'AndroidClient'
[2020.02.27-11.56.52:025][  0]LogTargetPlatformManager: Display: Loaded TargetPlatform 'Android_ASTCClient'
[2020.02.27-11.56.52:025][  0]LogTargetPlatformManager: Display: Loaded TargetPlatform 'Android_ATCClient'
[2020.02.27-11.56.52:025][  0]LogTargetPlatformManager: Display: Loaded TargetPlatform 'Android_DXTClient'
[2020.02.27-11.56.52:025][  0]LogTargetPlatformManager: Display: Loaded TargetPlatform 'Android_ETC1Client'
[2020.02.27-11.56.52:025][  0]LogTargetPlatformManager: Display: Loaded TargetPlatform 'Android_ETC1aClient'
[2020.02.27-11.56.52:025][  0]LogTargetPlatformManager: Display: Loaded TargetPlatform 'Android_ETC2Client'
[2020.02.27-11.56.52:025][  0]LogTargetPlatformManager: Display: Loaded TargetPlatform 'Android_PVRTCClient'
[2020.02.27-11.56.52:026][  0]LogTargetPlatformManager: Display: Loaded TargetPlatform 'Android_Multi'
[2020.02.27-11.56.52:026][  0]LogTargetPlatformManager: Display: Loaded TargetPlatform 'Android_MultiClient'
[2020.02.27-11.56.52:151][  0]LogTargetPlatformManager: Display: Loaded TargetPlatform 'IOSClient'
[2020.02.27-11.56.52:151][  0]LogTargetPlatformManager: Display: Loaded TargetPlatform 'IOS'
[2020.02.27-11.56.52:177][  0]LogTargetPlatformManager: Display: Loaded TargetPlatform 'LinuxNoEditor'
[2020.02.27-11.56.52:209][  0]LogTargetPlatformManager: Display: Loaded TargetPlatform 'LinuxClient'
[2020.02.27-11.56.52:226][  0]LogTargetPlatformManager: Display: Loaded TargetPlatform 'LinuxServer'
[2020.02.27-11.56.52:251][  0]LogTargetPlatformManager: Display: Loaded TargetPlatform 'LinuxAArch64NoEditor'
[2020.02.27-11.56.52:268][  0]LogTargetPlatformManager: Display: Loaded TargetPlatform 'LinuxAArch64Client'
[2020.02.27-11.56.52:285][  0]LogTargetPlatformManager: Display: Loaded TargetPlatform 'LinuxAArch64Server'
[2020.02.27-11.56.52:360][  0]LogTargetPlatformManager: Display: Loaded TargetPlatform 'Lumin'
[2020.02.27-11.56.52:360][  0]LogTargetPlatformManager: Display: Loaded TargetPlatform 'LuminClient'
[2020.02.27-11.56.52:388][  0]LogTargetPlatformManager: Display: Loaded TargetPlatform 'TVOSClient'
[2020.02.27-11.56.52:388][  0]LogTargetPlatformManager: Display: Loaded TargetPlatform 'TVOS'
[2020.02.27-11.56.52:415][  0]LogTargetPlatformManager: Display: Loaded TargetPlatform 'WindowsNoEditor'
[2020.02.27-11.56.52:433][  0]LogTargetPlatformManager: Display: Loaded TargetPlatform 'Windows'
[2020.02.27-11.56.52:454][  0]LogTargetPlatformManager: Display: Loaded TargetPlatform 'WindowsClient'
[2020.02.27-11.56.52:472][  0]LogTargetPlatformManager: Display: Loaded TargetPlatform 'WindowsServer'
[2020.02.27-11.56.52:472][  0]LogTargetPlatformManager: Display: Building Assets For Windows
[2020.02.27-11.56.52:595][  0]LogAudioDebug: Display: Lib vorbis DLL was dynamically loaded.
[2020.02.27-11.56.53:165][  0]LogShaderCompilers: Guid format shader working directory is -8 characters bigger than the processId version (../../../../../Tower defense v2/TowerDefense/Maheyahi/Intermediate/Shaders/WorkingDirectory/18520/).
[2020.02.27-11.56.53:165][  0]LogShaderCompilers: Cleaned the shader compiler working directory 'C:/Users/koico/AppData/Local/Temp/UnrealShaderWorkingDir/9B412E0E48E6752352970491A7A757D0/'.
[2020.02.27-11.56.53:165][  0]LogXGEController: Cleaning working directory: C:/Users/koico/AppData/Local/Temp/UnrealXGEWorkingDir/
[2020.02.27-11.56.53:165][  0]LogXGEController: Cannot use XGE Controller as Incredibuild is not installed on this machine.
[2020.02.27-11.56.53:165][  0]LogShaderCompilers: Cannot use XGE Shader Compiler as Incredibuild is not installed on this machine.
[2020.02.27-11.56.53:165][  0]LogShaderCompilers: Display: Using Local Shader Compiler.
[2020.02.27-11.56.56:314][  0]LogDerivedDataCache: Display: Max Cache Size: 512 MB
[2020.02.27-11.56.56:405][  0]LogDerivedDataCache: Loaded boot cache 0.09s 78MB C:/Users/koico/AppData/Local/UnrealEngine/4.24/DerivedDataCache/Boot.ddc.
[2020.02.27-11.56.56:405][  0]LogDerivedDataCache: Display: Loaded Boot cache: C:/Users/koico/AppData/Local/UnrealEngine/4.24/DerivedDataCache/Boot.ddc
[2020.02.27-11.56.56:405][  0]LogDerivedDataCache: FDerivedDataBackendGraph:  Pak pak cache file ../../../../../Tower defense v2/TowerDefense/Maheyahi/DerivedDataCache/DDC.ddp not found, will not use a pak cache.
[2020.02.27-11.56.56:405][  0]LogDerivedDataCache: Unable to find inner node Pak for hierarchical cache Hierarchy.
[2020.02.27-11.56.56:405][  0]LogDerivedDataCache: FDerivedDataBackendGraph:  CompressedPak pak cache file ../../../../../Tower defense v2/TowerDefense/Maheyahi/DerivedDataCache/Compressed.ddp not found, will not use a pak cache.
[2020.02.27-11.56.56:405][  0]LogDerivedDataCache: Unable to find inner node CompressedPak for hierarchical cache Hierarchy.
[2020.02.27-11.56.56:471][  0]LogDerivedDataCache: Display: Pak cache opened for reading ../../../Engine/DerivedDataCache/Compressed.ddp.
[2020.02.27-11.56.56:472][  0]LogDerivedDataCache: FDerivedDataBackendGraph:  EnterprisePak pak cache file ../../../Enterprise/DerivedDataCache/Compressed.ddp not found, will not use a pak cache.
[2020.02.27-11.56.56:472][  0]LogDerivedDataCache: Unable to find inner node EnterprisePak for hierarchical cache Hierarchy.
[2020.02.27-11.56.56:472][  0]LogDerivedDataCache: Using Local data cache path C:/Users/koico/AppData/Local/UnrealEngine/Common/DerivedDataCache: Writable
[2020.02.27-11.56.56:472][  0]LogDerivedDataCache: Shared data cache path not found in *engine.ini, will not use an Shared cache.
[2020.02.27-11.56.56:473][  0]LogDerivedDataCache: Unable to find inner node Shared for hierarchical cache Hierarchy.
[2020.02.27-11.56.56:502][  0]LogMaterial: Verifying Global Shaders for PCD3D_SM5
[2020.02.27-11.56.56:504][  0]LogSlate: Using FreeType 2.10.0
[2020.02.27-11.56.56:536][  0]LogSlate: SlateFontServices - WITH_FREETYPE: 1, WITH_HARFBUZZ: 1
[2020.02.27-11.56.56:891][  0]LogAssetRegistry: FAssetRegistry took 0.0020 seconds to start up
[2020.02.27-11.56.57:594][  0]LogInit: Selected Device Profile: [Windows]
[2020.02.27-11.56.59:500][  0]LogMeshReduction: Using QuadricMeshReduction for automatic static mesh reduction
[2020.02.27-11.56.59:500][  0]LogMeshReduction: Using SimplygonMeshReduction for automatic skeletal mesh reduction
[2020.02.27-11.56.59:500][  0]LogMeshReduction: Using ProxyLODMeshReduction for automatic mesh merging
[2020.02.27-11.56.59:500][  0]LogMeshReduction: No distributed automatic mesh merging module available
[2020.02.27-11.56.59:500][  0]LogMeshMerging: No distributed automatic mesh merging module available
[2020.02.27-11.56.59:629][  0]LogNetVersion: Maheyahi 1.0.0, NetCL: 10570792, EngineNetVer: 13, GameNetVer: 0 (Checksum: 3494584960)
[2020.02.27-11.57.05:926][  0]LogPackageLocalizationCache: Processed 10 localized package path(s) for 1 prioritized culture(s) in 0.095118 seconds
[2020.02.27-11.57.05:932][  0]LogUObjectArray: 46751 objects as part of root set at end of initial load.
[2020.02.27-11.57.05:932][  0]LogUObjectAllocator: 8137384 out of 0 bytes used by permanent object pool.
[2020.02.27-11.57.05:932][  0]LogUObjectArray: CloseDisregardForGC: 0/0 objects in disregard for GC pool
[2020.02.27-11.57.08:867][  0]LogTcpMessaging: Initializing TcpMessaging bridge
[2020.02.27-11.57.08:895][  0]LogUdpMessaging: Initializing bridge on interface 0.0.0.0:0 to multicast group 230.0.0.1:6666.
[2020.02.27-11.57.09:495][  0]SourceControl: Source control is disabled
[2020.02.27-11.57.09:496][  0]SourceControl: Source control is disabled
[2020.02.27-11.57.09:579][  0]SourceControl: Source control is disabled
[2020.02.27-11.57.09:607][  0]SourceControl: Source control is disabled
[2020.02.27-11.57.09:625][  0]SourceControl: Source control is disabled
[2020.02.27-11.57.10:750][  0]LogAndroidPermission: UAndroidPermissionCallbackProxy::GetInstance
[2020.02.27-11.57.10:891][  0]LogAudioCaptureCore: Display: No Audio Capture implementations found. Audio input will be silent.
[2020.02.27-11.57.10:891][  0]LogAudioCaptureCore: Display: No Audio Capture implementations found. Audio input will be silent.
[2020.02.27-11.57.11:403][  0]LogOcInput: OculusInput pre-init called
[2020.02.27-11.57.11:503][  0]LogWindows: Failed to load 'OVRPlugin.dll' (GetLastError=126)
[2020.02.27-11.57.11:503][  0]LogWindows: File 'OVRPlugin.dll' does not exist
[2020.02.27-11.57.11:858][  0]LogEngine: Initializing Engine...
[2020.02.27-11.57.11:859][  0]LogHMD: Failed to initialize OpenVR with code 110
[2020.02.27-11.57.11:864][  0]LogStats: UGameplayTagsManager::InitializeManager -  0.005 s
[2020.02.27-11.57.12:575][  0]LogInit: Initializing FReadOnlyCVARCache
[2020.02.27-11.57.12:646][  0]LogAIModule: Creating AISystem for world Untitled
[2020.02.27-11.57.12:662][  0]LogAudioMixer: Display: Audio Mixer Platform Settings:
[2020.02.27-11.57.12:662][  0]LogAudioMixer: Display: 	Sample Rate:						  48000
[2020.02.27-11.57.12:662][  0]LogAudioMixer: Display: 	Callback Buffer Frame Size Requested: 1024
[2020.02.27-11.57.12:662][  0]LogAudioMixer: Display: 	Callback Buffer Frame Size To Use:	  1024
[2020.02.27-11.57.12:662][  0]LogAudioMixer: Display: 	Number of buffers to queue:			  2
[2020.02.27-11.57.12:662][  0]LogAudioMixer: Display: 	Max Channels (voices):				  32
[2020.02.27-11.57.12:662][  0]LogAudioMixer: Display: 	Number of Async Source Workers:		  0
[2020.02.27-11.57.12:662][  0]LogAudio: Display: AudioDevice MaxSources: 32
[2020.02.27-11.57.12:662][  0]LogAudio: Display: Using built-in audio occlusion.
[2020.02.27-11.57.12:662][  0]LogAudioMixer: Display: Initializing audio mixer.
[2020.02.27-11.57.12:768][  0]LogAudioMixer: Display: Audio Device Output Speaker Info:
[2020.02.27-11.57.12:768][  0]LogAudioMixer: Display: Name: Speakers/Headphones (3- Realtek(R) Audio)
[2020.02.27-11.57.12:768][  0]LogAudioMixer: Display: Is Default: Yes
[2020.02.27-11.57.12:768][  0]LogAudioMixer: Display: Sample Rate: 48000
[2020.02.27-11.57.12:768][  0]LogAudioMixer: Display: Channel Count Used: 8
[2020.02.27-11.57.12:768][  0]LogAudioMixer: Display: Device Channel Count: 8
[2020.02.27-11.57.12:768][  0]LogAudioMixer: Display: Channel Order:
[2020.02.27-11.57.12:768][  0]LogAudioMixer: Display: 0: FrontLeft
[2020.02.27-11.57.12:768][  0]LogAudioMixer: Display: 1: FrontRight
[2020.02.27-11.57.12:768][  0]LogAudioMixer: Display: 2: FrontCenter
[2020.02.27-11.57.12:768][  0]LogAudioMixer: Display: 3: LowFrequency
[2020.02.27-11.57.12:768][  0]LogAudioMixer: Display: 4: BackLeft
[2020.02.27-11.57.12:768][  0]LogAudioMixer: Display: 5: BackRight
[2020.02.27-11.57.12:768][  0]LogAudioMixer: Display: 6: SideLeft
[2020.02.27-11.57.12:768][  0]LogAudioMixer: Display: 7: SideRight
[2020.02.27-11.57.12:987][  0]LogAudioMixer: Display: Using Audio Device Speakers/Headphones (3- Realtek(R) Audio)
[2020.02.27-11.57.12:990][  0]LogInit: FAudioDevice initialized.
[2020.02.27-11.57.12:990][  0]LogNetVersion: Set ProjectVersion to 1.0.0.0. Version Checksum will be recalculated on next use.
[2020.02.27-11.57.13:036][  0]LogDerivedDataCache: Saved boot cache 0.05s 78MB C:/Users/koico/AppData/Local/UnrealEngine/4.24/DerivedDataCache/Boot.ddc.
[2020.02.27-11.57.13:039][  0]LogInit: Texture streaming: Enabled
[2020.02.27-11.57.13:143][  0]LogEngineSessionManager: EngineSessionManager initialized
[2020.02.27-11.57.13:143][  0]LogEditorSessionSummary: Verbose: Initializing EditorSessionSummaryWriter for editor session tracking
[2020.02.27-11.57.13:145][  0]LogEditorSessionSummary: EditorSessionSummaryWriter initialized
[2020.02.27-11.57.13:257][  0]LogInit: Transaction tracking system initialized
[2020.02.27-11.57.13:480][  0]BlueprintLog: New page: Editor Load
[2020.02.27-11.57.14:138][  0]LocalizationService: Localization service is disabled
[2020.02.27-11.57.15:825][  0]LogFileCache: Scanning file cache for directory 'D:/Tower defense v2/TowerDefense/Maheyahi/Content/' took 0.01s
[2020.02.27-11.57.15:825][  0]LogCook: Display: Max memory allowance for cook 16384mb min free memory 0mb
[2020.02.27-11.57.15:825][  0]LogCook: Display: Mobile HDR setting 1
[2020.02.27-11.57.19:422][  0]SourceControl: Source control is disabled
[2020.02.27-11.57.19:422][  0]Cmd: MAP LOAD FILE="../../../../../Tower defense v2/TowerDefense/Maheyahi/Content/TopDownBP/Maps/TopDownExampleMap.umap" TEMPLATE=0 SHOWPROGRESS=1 FEATURELEVEL=3
[2020.02.27-11.57.19:453][  0]LightingResults: New page: Lighting Build
[2020.02.27-11.57.19:473][  0]LogWorld: UWorld::CleanupWorld for Untitled, bSessionEnded=true, bCleanupResources=true
[2020.02.27-11.57.19:473][  0]LogSlate: InvalidateAllWidgets triggered.  All widgets were invalidated
[2020.02.27-11.57.19:473][  0]MapCheck: New page: Map Check
[2020.02.27-11.57.19:473][  0]LightingResults: New page: Lighting Build
[2020.02.27-11.57.19:499][  0]LogUObjectHash: Compacting FUObjectHashTables data took   1.41ms
[2020.02.27-11.57.24:554][  0]LogBlueprint: Error: [Compiler widgetTowerBuild] In use pin  <Unnamed>  no longer exists on node  Spawn Tower Thunder Evo 1 . Please refresh node or break links to remove pin.
[2020.02.27-11.57.24:554][  0]LogBlueprint: Error: [Compiler widgetTowerBuild] In use pin  Target  no longer exists on node  Spawn Tower Thunder Evo 1 . Please refresh node or break links to remove pin.
[2020.02.27-11.57.24:554][  0]LogBlueprint: Error: [Compiler widgetTowerBuild] Could not find a function named "spawnTowerThunderEvo1" in 'BP_towerBase_C'.
Make sure 'BP_towerBase_C' has been compiled for  Spawn Tower Thunder Evo 1
[2020.02.27-11.57.24:555][  0]LogBlueprint: Error: [Compiler widgetTowerBuild] In use pin  <Unnamed>  no longer exists on node  Spawn Tower Earthquake Evo 1 . Please refresh node or break links to remove pin.
[2020.02.27-11.57.24:555][  0]LogBlueprint: Error: [Compiler widgetTowerBuild] In use pin  Target  no longer exists on node  Spawn Tower Earthquake Evo 1 . Please refresh node or break links to remove pin.
[2020.02.27-11.57.24:555][  0]LogBlueprint: Error: [Compiler widgetTowerBuild] Could not find a function named "spawnTowerEarthquakeEvo1" in 'BP_towerBase_C'.
Make sure 'BP_towerBase_C' has been compiled for  Spawn Tower Earthquake Evo 1
[2020.02.27-11.57.24:555][  0]LogBlueprint: Error: [Compiler widgetTowerBuild] In use pin  <Unnamed>  no longer exists on node  Spawn Tower Fire Evo 1 . Please refresh node or break links to remove pin.
[2020.02.27-11.57.24:555][  0]LogBlueprint: Error: [Compiler widgetTowerBuild] In use pin  Target  no longer exists on node  Spawn Tower Fire Evo 1 . Please refresh node or break links to remove pin.
[2020.02.27-11.57.24:555][  0]LogBlueprint: Error: [Compiler widgetTowerBuild] Could not find a function named "spawnTowerFireEvo1" in 'BP_towerBase_C'.
Make sure 'BP_towerBase_C' has been compiled for  Spawn Tower Fire Evo 1
[2020.02.27-11.57.26:313][  0]LogAIModule: Creating AISystem for world TopDownExampleMap
[2020.02.27-11.57.26:382][  0]LogEditorServer: Finished looking for orphan Actors (0.000 secs)
[2020.02.27-11.57.26:434][  0]LogUObjectHash: Compacting FUObjectHashTables data took   2.80ms
[2020.02.27-11.57.26:435][  0]Cmd: MAP CHECKDEP NOCLEARLOG
[2020.02.27-11.57.26:435][  0]MapCheck: Map check complete: 0 Error(s), 0 Warning(s), took 0,084ms to complete.
[2020.02.27-11.57.26:435][  0]LogFileHelpers: Loading map 'TopDownExampleMap' took 7.013
[2020.02.27-11.57.26:657][  0]LogSlate: Updating window title bar state: overlay mode, drag disabled, window buttons hidden, title bar hidden
[2020.02.27-11.57.26:663][  0]LogSlate: Updating window title bar state: overlay mode, drag disabled, window buttons hidden, title bar hidden
[2020.02.27-11.57.26:668][  0]LogSlate: Updating window title bar state: overlay mode, drag disabled, window buttons hidden, title bar hidden
[2020.02.27-11.57.26:674][  0]LogSlate: Updating window title bar state: overlay mode, drag disabled, window buttons hidden, title bar hidden
[2020.02.27-11.57.26:720][  0]LogCollectionManager: Loaded 0 collections in 0.000626 seconds
[2020.02.27-11.57.26:800][  0]LogFileCache: Scanning file cache for directory 'D:/Tower defense v2/TowerDefense/Maheyahi/Saved/Collections/' took 0.00s
[2020.02.27-11.57.26:800][  0]LogFileCache: Scanning file cache for directory 'D:/Tower defense v2/TowerDefense/Maheyahi/Content/Developers/koico/Collections/' took 0.00s
[2020.02.27-11.57.26:800][  0]LogFileCache: Scanning file cache for directory 'D:/Tower defense v2/TowerDefense/Maheyahi/Content/Collections/' took 0.00s
[2020.02.27-11.57.26:800][  0]LogContentBrowser: Native class hierarchy populated in 0.0064 seconds. Added 3015 classes and 717 folders.
[2020.02.27-11.57.26:817][  0]LogContentBrowser: Native class hierarchy updated for 'WidgetCarousel' in 0.0002 seconds. Added 0 classes and 0 folders.
[2020.02.27-11.57.27:954][  0]LogContentBrowser: Native class hierarchy updated for 'AddContentDialog' in 0.0002 seconds. Added 0 classes and 0 folders.
[2020.02.27-11.57.27:986][  0]LogContentBrowser: Native class hierarchy updated for 'SceneOutliner' in 0.0002 seconds. Added 2 classes and 3 folders.
[2020.02.27-11.57.28:311][  0]LogSlate: Took 0.015023 seconds to synchronously load lazily loaded font '../../../Engine/Content/Slate/Fonts/Roboto-Regular.ttf' (155K)
[2020.02.27-11.57.28:325][  0]LogSlate: Took 0.012599 seconds to synchronously load lazily loaded font '../../../Engine/Content/Slate/Fonts/Roboto-Bold.ttf' (160K)
[2020.02.27-11.57.28:345][  0]LogSlate: Took 0.017466 seconds to synchronously load lazily loaded font '../../../Engine/Content/Editor/Slate/Fonts/FontAwesome.ttf' (139K)
[2020.02.27-11.57.28:526][  0]LogRenderer: Reallocating scene render targets to support 1056x452 Format 10 NumSamples 1 (Frame:1).
[2020.02.27-11.57.28:644][  0]LogContentBrowser: Native class hierarchy updated for 'HierarchicalLODOutliner' in 0.0002 seconds. Added 0 classes and 0 folders.
[2020.02.27-11.57.28:644][  0]LogLoad: (Engine Initialization) Total time: 54.23 seconds
[2020.02.27-11.57.28:644][  0]LogLoad: (Engine Initialization) Total Blueprint compile time: 0.00 seconds
[2020.02.27-11.57.28:711][  0]LogContentStreaming: Texture pool size now 1000 MB
[2020.02.27-11.57.28:843][  0]LogSlate: Took 0.067860 seconds to synchronously load lazily loaded font '../../../Engine/Content/Slate/Fonts/DroidSansFallback.ttf' (3848K)
[2020.02.27-11.57.28:868][  0]LogSlate: Took 0.017621 seconds to synchronously load lazily loaded font '../../../Engine/Content/Slate/Fonts/Roboto-Light.ttf' (167K)
[2020.02.27-11.57.30:994][ 30]LogAssetRegistry: Asset discovery search completed in 34.1031 seconds
[2020.02.27-11.57.30:997][ 30]LogCollectionManager: Fixed up redirectors for 0 collections in 0.000007 seconds (updated 0 objects)
[2020.02.27-11.57.50:728][114]LogSlate: Took 0.000116 seconds to synchronously load lazily loaded font '../../../Engine/Content/Slate/Fonts/Roboto-Light.ttf' (167K)
[2020.02.27-11.57.50:751][114]LogAssetEditorSubsystem: Opening Asset editor for WidgetBlueprint /Game/HUDs/Tutoriel.Tutoriel
[2020.02.27-11.57.51:561][114]LogContentBrowser: Native class hierarchy updated for 'BlueprintGraph' in 0.0012 seconds. Added 121 classes and 0 folders.
[2020.02.27-11.57.54:039][114]LogSlate: Took 0.023220 seconds to synchronously load lazily loaded font '../../../Engine/Content/Slate/Fonts/Roboto-BoldCondensed.ttf' (158K)
[2020.02.27-11.57.58:165][320]LogSlate: Took 0.005316 seconds to synchronously load lazily loaded font '../../../Engine/Content/Slate/Fonts/Roboto-Italic.ttf' (157K)
[2020.02.27-11.58.21:864][679]LogUObjectHash: Compacting FUObjectHashTables data took   4.33ms
[2020.02.27-11.58.29:807][993]LogSlate: Window 'Tutoriel' being destroyed
[2020.02.27-11.58.37:622][445]LogUObjectHash: Compacting FUObjectHashTables data took   2.56ms
[2020.02.27-11.58.37:845][445]Cmd: OBJ SAVEPACKAGE PACKAGE="/Game/HUDs/Tutoriel" FILE="../../../../../Tower defense v2/TowerDefense/Maheyahi/Content/HUDs/Tutoriel.uasset" SILENT=true
[2020.02.27-11.58.38:873][445]LogSavePackage: Moving '../../../../../Tower defense v2/TowerDefense/Maheyahi/Saved/Tutoriel5979298F4060E64F7CAD81A67104D452.tmp' to '../../../../../Tower defense v2/TowerDefense/Maheyahi/Content/HUDs/Tutoriel.uasset'
[2020.02.27-11.58.38:891][445]AssetCheck: New page: Asset Save: Tutoriel
[2020.02.27-11.58.38:891][445]LogContentValidation: Display: Validating WidgetBlueprint /Game/HUDs/Tutoriel.Tutoriel
[2020.02.27-11.58.40:752][557]LogEditorTransaction: Undo Delete current selection
[2020.02.27-11.58.43:699][707]LogUObjectHash: Compacting FUObjectHashTables data took   3.51ms
[2020.02.27-11.58.43:732][707]Cmd: OBJ SAVEPACKAGE PACKAGE="/Game/HUDs/Tutoriel" FILE="../../../../../Tower defense v2/TowerDefense/Maheyahi/Content/HUDs/Tutoriel.uasset" SILENT=true
[2020.02.27-11.58.43:749][707]LogSavePackage: Moving '../../../../../Tower defense v2/TowerDefense/Maheyahi/Saved/TutorielB8D3765245E84A147948CB9DD5C72DB9.tmp' to '../../../../../Tower defense v2/TowerDefense/Maheyahi/Content/HUDs/Tutoriel.uasset'
[2020.02.27-11.58.43:760][707]AssetCheck: New page: Asset Save: Tutoriel
[2020.02.27-11.58.43:760][707]LogContentValidation: Display: Validating WidgetBlueprint /Game/HUDs/Tutoriel.Tutoriel
[2020.02.27-11.59.15:625][689]LogAssetEditorSubsystem: Opening Asset editor for WidgetBlueprint /Game/HUDs/HUD_inGame.HUD_inGame
[2020.02.27-11.59.26:614][316]LogUObjectHash: Compacting FUObjectHashTables data took   2.85ms
[2020.02.27-11.59.26:640][316]Cmd: OBJ SAVEPACKAGE PACKAGE="/Game/HUDs/HUD_inGame" FILE="../../../../../Tower defense v2/TowerDefense/Maheyahi/Content/HUDs/HUD_inGame.uasset" SILENT=true
[2020.02.27-11.59.26:792][316]LogSavePackage: Moving '../../../../../Tower defense v2/TowerDefense/Maheyahi/Saved/HUD_inGame43E6D86E448DC50FD8CB69B6819DC8E2.tmp' to '../../../../../Tower defense v2/TowerDefense/Maheyahi/Content/HUDs/HUD_inGame.uasset'
[2020.02.27-11.59.26:804][316]AssetCheck: New page: Asset Save: HUD_inGame
[2020.02.27-11.59.26:804][316]LogContentValidation: Display: Validating WidgetBlueprint /Game/HUDs/HUD_inGame.HUD_inGame
[2020.02.27-11.59.29:145][455]LogEditorTransaction: Undo Delete current selection
[2020.02.27-11.59.35:165][680]BlueprintLog: New page: Compile HUD_inGame
[2020.02.27-11.59.35:324][680]LogUObjectHash: Compacting FUObjectHashTables data took   3.94ms
[2020.02.27-11.59.37:438][800]LogUObjectHash: Compacting FUObjectHashTables data took   3.79ms
[2020.02.27-11.59.37:473][800]Cmd: OBJ SAVEPACKAGE PACKAGE="/Game/HUDs/HUD_inGame" FILE="../../../../../Tower defense v2/TowerDefense/Maheyahi/Content/HUDs/HUD_inGame.uasset" SILENT=true
[2020.02.27-11.59.37:616][800]LogSavePackage: Moving '../../../../../Tower defense v2/TowerDefense/Maheyahi/Saved/HUD_inGameD470074B4A7B401C97CA5BA38EE0EA6F.tmp' to '../../../../../Tower defense v2/TowerDefense/Maheyahi/Content/HUDs/HUD_inGame.uasset'
[2020.02.27-11.59.37:635][800]AssetCheck: New page: Asset Save: HUD_inGame
[2020.02.27-11.59.37:635][800]LogContentValidation: Display: Validating WidgetBlueprint /Game/HUDs/HUD_inGame.HUD_inGame
[2020.02.27-11.59.59:553][944]LogBlueprint: Warning: [Compiler PersistentLevel.LV_Map] Node  Unknown  is not referencing a valid level actor
[2020.02.27-12.00.00:356][944]LogAIModule: Creating AISystem for world LV_Map
[2020.02.27-12.00.00:370][944]LogAssetEditorSubsystem: Opening Asset editor for World /Game/Levels/LV_Map.LV_Map
[2020.02.27-12.00.00:407][944]LogUObjectHash: Compacting FUObjectHashTables data took   3.66ms
[2020.02.27-12.00.00:408][944]Cmd: MAP LOAD FILE="../../../../../Tower defense v2/TowerDefense/Maheyahi/Content/Levels/LV_Map.umap" TEMPLATE=0 SHOWPROGRESS=1 FEATURELEVEL=3
[2020.02.27-12.00.00:408][944]LightingResults: New page: Lighting Build
[2020.02.27-12.00.00:408][944]LoadErrors: New page: Loading map: LV_Map.umap
[2020.02.27-12.00.00:467][944]LogWorld: UWorld::CleanupWorld for TopDownExampleMap, bSessionEnded=true, bCleanupResources=true
[2020.02.27-12.00.00:467][944]LogSlate: InvalidateAllWidgets triggered.  All widgets were invalidated
[2020.02.27-12.00.00:467][944]MapCheck: New page: Map Check
[2020.02.27-12.00.00:467][944]LightingResults: New page: Lighting Build
[2020.02.27-12.00.00:509][944]LogUObjectHash: Compacting FUObjectHashTables data took   3.50ms
[2020.02.27-12.00.00:702][944]LogEditorServer: Finished looking for orphan Actors (0.000 secs)
[2020.02.27-12.00.00:791][944]LogUObjectHash: Compacting FUObjectHashTables data took   2.66ms
[2020.02.27-12.00.00:824][944]Cmd: MAP CHECKDEP NOCLEARLOG
[2020.02.27-12.00.00:824][944]MapCheck: Map check complete: 0 Error(s), 0 Warning(s), took 0,078ms to complete.
[2020.02.27-12.00.00:824][944]LogFileHelpers: Loading map 'LV_Map' took 0.417
[2020.02.27-12.00.02:459][986]LogAssetEditorSubsystem: Opening Asset editor for LevelScriptBlueprint /Game/Levels/LV_Map.LV_Map:PersistentLevel.LV_Map
[2020.02.27-12.00.08:137][270]BlueprintLog: New page: Compile LV_Map
[2020.02.27-12.00.08:146][270]LogBlueprint: Warning: [Compiler PersistentLevel.LV_Map] Node  Unknown  is not referencing a valid level actor
[2020.02.27-12.00.08:533][270]LogUObjectHash: Compacting FUObjectHashTables data took   4.05ms
[2020.02.27-12.00.25:375][165]LogUObjectHash: Compacting FUObjectHashTables data took   3.36ms
[2020.02.27-12.00.25:465][165]Cmd: OBJ SAVEPACKAGE PACKAGE="/Game/Levels/LV_Map" FILE="../../../../../Tower defense v2/TowerDefense/Maheyahi/Content/Levels/LV_Map.umap" SILENT=true AUTOSAVING=false KEEPDIRTY=false
[2020.02.27-12.00.25:528][165]LogUObjectHash: Compacting FUObjectHashTables data took   0.88ms
[2020.02.27-12.00.25:544][165]LogBlueprint: Warning: [Compiler PersistentLevel.LV_Map] Node  Unknown  is not referencing a valid level actor
[2020.02.27-12.00.25:935][165]LogSavePackage: Moving '../../../../../Tower defense v2/TowerDefense/Maheyahi/Saved/LV_Map3FAAF7314490EBA3FD16BD8020C29010.tmp' to '../../../../../Tower defense v2/TowerDefense/Maheyahi/Content/Levels/LV_Map.umap'
[2020.02.27-12.00.25:972][165]LogFileHelpers: Saving map 'LV_Map' took 0.509
[2020.02.27-12.00.25:983][165]AssetCheck: New page: Asset Save: LV_Map
[2020.02.27-12.00.25:983][165]LogContentValidation: Display: Validating World /Game/Levels/LV_Map.LV_Map
[2020.02.27-12.01.15:863][ 17]LogUObjectHash: Compacting FUObjectHashTables data took   4.08ms
[2020.02.27-12.01.15:895][ 17]Cmd: OBJ SAVEPACKAGE PACKAGE="/Game/Levels/LV_Map" FILE="../../../../../Tower defense v2/TowerDefense/Maheyahi/Content/Levels/LV_Map.umap" SILENT=true AUTOSAVING=false KEEPDIRTY=false
[2020.02.27-12.01.15:935][ 17]LogUObjectHash: Compacting FUObjectHashTables data took   0.87ms
[2020.02.27-12.01.15:946][ 17]LogBlueprint: Warning: [Compiler PersistentLevel.LV_Map] Node  Unknown  is not referencing a valid level actor
[2020.02.27-12.01.16:338][ 17]LogSavePackage: Moving '../../../../../Tower defense v2/TowerDefense/Maheyahi/Saved/LV_Map7ED5C8A64C225919301D808142D49968.tmp' to '../../../../../Tower defense v2/TowerDefense/Maheyahi/Content/Levels/LV_Map.umap'
[2020.02.27-12.01.16:372][ 17]LogFileHelpers: Saving map 'LV_Map' took 0.478
[2020.02.27-12.01.16:382][ 17]AssetCheck: New page: Asset Save: LV_Map
[2020.02.27-12.01.16:382][ 17]LogContentValidation: Display: Validating World /Game/Levels/LV_Map.LV_Map
[2020.02.27-12.01.23:848][309]BlueprintLog: New page: Compile LV_Map
[2020.02.27-12.01.23:857][309]LogBlueprint: Warning: [Compiler PersistentLevel.LV_Map] Node  Unknown  is not referencing a valid level actor
[2020.02.27-12.01.24:112][309]LogUObjectHash: Compacting FUObjectHashTables data took   3.99ms
[2020.02.27-12.02.01:607][405]LogAssetEditorSubsystem: Opening Asset editor for Texture2D /Game/HUDs/loup.loup
[2020.02.27-12.02.02:057][405]LogContentBrowser: Native class hierarchy updated for 'TextureEditor' in 0.0002 seconds. Added 1 classes and 2 folders.
[2020.02.27-12.02.05:198][555]Cmd: OBJ SAVEPACKAGE PACKAGE="/Game/HUDs/loup" FILE="../../../../../Tower defense v2/TowerDefense/Maheyahi/Content/HUDs/loup.uasset" SILENT=true
[2020.02.27-12.02.05:231][555]LogSavePackage: Moving '../../../../../Tower defense v2/TowerDefense/Maheyahi/Saved/loupAB8A6F1B4A003F04309D45AB2CEAF688.tmp' to '../../../../../Tower defense v2/TowerDefense/Maheyahi/Content/HUDs/loup.uasset'
[2020.02.27-12.02.05:247][555]AssetCheck: New page: Asset Save: loup
[2020.02.27-12.02.05:247][555]LogContentValidation: Display: Validating Texture2D /Game/HUDs/loup.loup
[2020.02.27-12.02.58:274][465]LogUObjectHash: Compacting FUObjectHashTables data took   5.28ms
[2020.02.27-12.02.58:294][465]Cmd: OBJ SAVEPACKAGE PACKAGE="/Game/Levels/LV_Map" FILE="../../../../../Tower defense v2/TowerDefense/Maheyahi/Content/Levels/LV_Map.umap" SILENT=true AUTOSAVING=false KEEPDIRTY=false
[2020.02.27-12.02.58:339][465]LogUObjectHash: Compacting FUObjectHashTables data took   3.41ms
[2020.02.27-12.02.58:351][465]LogBlueprint: Warning: [Compiler PersistentLevel.LV_Map] Node  Unknown  is not referencing a valid level actor
[2020.02.27-12.02.58:763][465]LogSavePackage: Moving '../../../../../Tower defense v2/TowerDefense/Maheyahi/Saved/LV_Map5E2C7C4040AFCFD288DC1895AC939D00.tmp' to '../../../../../Tower defense v2/TowerDefense/Maheyahi/Content/Levels/LV_Map.umap'
[2020.02.27-12.02.58:796][465]LogFileHelpers: Saving map 'LV_Map' took 0.503
[2020.02.27-12.02.58:806][465]AssetCheck: New page: Asset Save: LV_Map
[2020.02.27-12.02.58:806][465]LogContentValidation: Display: Validating World /Game/Levels/LV_Map.LV_Map
[2020.02.27-12.03.11:398][187]BlueprintLog: New page: Compile LV_Map
[2020.02.27-12.03.11:408][187]LogBlueprint: Warning: [Compiler PersistentLevel.LV_Map] Node  Unknown  is not referencing a valid level actor
[2020.02.27-12.03.11:697][187]LogUObjectHash: Compacting FUObjectHashTables data took   4.90ms
[2020.02.27-12.03.26:535][852]Cmd: OBJ SAVEPACKAGE PACKAGE="/Game/HUDs/ames" FILE="../../../../../Tower defense v2/TowerDefense/Maheyahi/Content/HUDs/ames.uasset" SILENT=true
[2020.02.27-12.03.26:549][852]LogSavePackage: Moving '../../../../../Tower defense v2/TowerDefense/Maheyahi/Saved/ames8460513F451165A2B7A59EBF0DE59E8B.tmp' to '../../../../../Tower defense v2/TowerDefense/Maheyahi/Content/HUDs/ames.uasset'
[2020.02.27-12.03.26:559][852]AssetCheck: New page: Asset Save: ames
[2020.02.27-12.03.26:559][852]LogContentValidation: Display: Validating Texture2D /Game/HUDs/ames.ames
[2020.02.27-12.03.32:084][ 94]Cmd: OBJ SAVEPACKAGE PACKAGE="/Game/HUDs/Ames_Icone" FILE="../../../../../Tower defense v2/TowerDefense/Maheyahi/Content/HUDs/Ames_Icone.uasset" SILENT=true
[2020.02.27-12.03.32:108][ 94]LogSavePackage: Moving '../../../../../Tower defense v2/TowerDefense/Maheyahi/Saved/Ames_Icone68A549E346C256D7386831A3857588EF.tmp' to '../../../../../Tower defense v2/TowerDefense/Maheyahi/Content/HUDs/Ames_Icone.uasset'
[2020.02.27-12.03.32:128][ 94]AssetCheck: New page: Asset Save: Ames_Icone
[2020.02.27-12.03.32:128][ 94]LogContentValidation: Display: Validating Texture2D /Game/HUDs/Ames_Icone.Ames_Icone
[2020.02.27-12.03.34:795][248]Cmd: OBJ SAVEPACKAGE PACKAGE="/Game/HUDs/vies" FILE="../../../../../Tower defense v2/TowerDefense/Maheyahi/Content/HUDs/vies.uasset" SILENT=true
[2020.02.27-12.03.34:810][248]LogSavePackage: Moving '../../../../../Tower defense v2/TowerDefense/Maheyahi/Saved/viesCD65FBDA42C9143619C7CBB819F994D2.tmp' to '../../../../../Tower defense v2/TowerDefense/Maheyahi/Content/HUDs/vies.uasset'
[2020.02.27-12.03.34:820][248]AssetCheck: New page: Asset Save: vies
[2020.02.27-12.03.34:820][248]LogContentValidation: Display: Validating Texture2D /Game/HUDs/vies.vies
[2020.02.27-12.03.37:474][390]Cmd: OBJ SAVEPACKAGE PACKAGE="/Game/HUDs/vagues" FILE="../../../../../Tower defense v2/TowerDefense/Maheyahi/Content/HUDs/vagues.uasset" SILENT=true
[2020.02.27-12.03.37:490][390]LogSavePackage: Moving '../../../../../Tower defense v2/TowerDefense/Maheyahi/Saved/vaguesB65C35DC42A6675C6F0FF1A0BFF0C918.tmp' to '../../../../../Tower defense v2/TowerDefense/Maheyahi/Content/HUDs/vagues.uasset'
[2020.02.27-12.03.37:501][390]AssetCheck: New page: Asset Save: vagues
[2020.02.27-12.03.37:501][390]LogContentValidation: Display: Validating Texture2D /Game/HUDs/vagues.vagues
[2020.02.27-12.03.40:015][534]Cmd: OBJ SAVEPACKAGE PACKAGE="/Game/HUDs/tutorielllll" FILE="../../../../../Tower defense v2/TowerDefense/Maheyahi/Content/HUDs/tutorielllll.uasset" SILENT=true
[2020.02.27-12.03.40:086][534]LogSavePackage: Moving '../../../../../Tower defense v2/TowerDefense/Maheyahi/Saved/tutorielllllCDC047014F4C73F9ECC811971B414D2B.tmp' to '../../../../../Tower defense v2/TowerDefense/Maheyahi/Content/HUDs/tutorielllll.uasset'
[2020.02.27-12.03.40:105][534]AssetCheck: New page: Asset Save: tutorielllll
[2020.02.27-12.03.40:105][534]LogContentValidation: Display: Validating Texture2D /Game/HUDs/tutorielllll.tutorielllll
[2020.02.27-12.03.42:287][654]Cmd: OBJ SAVEPACKAGE PACKAGE="/Game/HUDs/terre_Z" FILE="../../../../../Tower defense v2/TowerDefense/Maheyahi/Content/HUDs/terre_Z.uasset" SILENT=true
[2020.02.27-12.03.42:303][654]LogSavePackage: Moving '../../../../../Tower defense v2/TowerDefense/Maheyahi/Saved/terre_Z55D728934AC6C8D1037C11B5789F7409.tmp' to '../../../../../Tower defense v2/TowerDefense/Maheyahi/Content/HUDs/terre_Z.uasset'
[2020.02.27-12.03.42:319][654]AssetCheck: New page: Asset Save: terre_Z
[2020.02.27-12.03.42:319][654]LogContentValidation: Display: Validating Texture2D /Game/HUDs/terre_Z.terre_Z
[2020.02.27-12.03.44:504][773]Cmd: OBJ SAVEPACKAGE PACKAGE="/Game/HUDs/symboles-X" FILE="../../../../../Tower defense v2/TowerDefense/Maheyahi/Content/HUDs/symboles-X.uasset" SILENT=true
[2020.02.27-12.03.44:522][773]LogSavePackage: Moving '../../../../../Tower defense v2/TowerDefense/Maheyahi/Saved/symboles-XA866F6D74D2D58CDEAC6908A0F5CB0C7.tmp' to '../../../../../Tower defense v2/TowerDefense/Maheyahi/Content/HUDs/symboles-X.uasset'
[2020.02.27-12.03.44:537][773]AssetCheck: New page: Asset Save: symboles-X
[2020.02.27-12.03.44:537][773]LogContentValidation: Display: Validating Texture2D /Game/HUDs/symboles-X.symboles-X
[2020.02.27-12.03.46:867][903]Cmd: OBJ SAVEPACKAGE PACKAGE="/Game/HUDs/Sans_titre-6" FILE="../../../../../Tower defense v2/TowerDefense/Maheyahi/Content/HUDs/Sans_titre-6.uasset" SILENT=true
[2020.02.27-12.03.46:882][903]LogSavePackage: Moving '../../../../../Tower defense v2/TowerDefense/Maheyahi/Saved/Sans_titre-62FF366594812A77D6CBDF7B50CC273B8.tmp' to '../../../../../Tower defense v2/TowerDefense/Maheyahi/Content/HUDs/Sans_titre-6.uasset'
[2020.02.27-12.03.46:897][903]AssetCheck: New page: Asset Save: Sans_titre-6
[2020.02.27-12.03.46:897][903]LogContentValidation: Display: Validating Texture2D /Game/HUDs/Sans_titre-6.Sans_titre-6
[2020.02.27-12.03.49:313][ 36]Cmd: OBJ SAVEPACKAGE PACKAGE="/Game/HUDs/pause" FILE="../../../../../Tower defense v2/TowerDefense/Maheyahi/Content/HUDs/pause.uasset" SILENT=true
[2020.02.27-12.03.49:328][ 36]LogSavePackage: Moving '../../../../../Tower defense v2/TowerDefense/Maheyahi/Saved/pause7968C70042DB656DECF5E18680103C4C.tmp' to '../../../../../Tower defense v2/TowerDefense/Maheyahi/Content/HUDs/pause.uasset'
[2020.02.27-12.03.49:338][ 36]AssetCheck: New page: Asset Save: pause
[2020.02.27-12.03.49:338][ 36]LogContentValidation: Display: Validating Texture2D /Game/HUDs/pause.pause
[2020.02.27-12.03.51:731][172]Cmd: OBJ SAVEPACKAGE PACKAGE="/Game/HUDs/logotitre" FILE="../../../../../Tower defense v2/TowerDefense/Maheyahi/Content/HUDs/logotitre.uasset" SILENT=true
[2020.02.27-12.03.51:950][172]LogSavePackage: Moving '../../../../../Tower defense v2/TowerDefense/Maheyahi/Saved/logotitre2B5D7A424DDFBCDEA2060B8F7EA0C3C1.tmp' to '../../../../../Tower defense v2/TowerDefense/Maheyahi/Content/HUDs/logotitre.uasset'
[2020.02.27-12.03.51:973][172]AssetCheck: New page: Asset Save: logotitre
[2020.02.27-12.03.51:973][172]LogContentValidation: Display: Validating Texture2D /Game/HUDs/logotitre.logotitre
[2020.02.27-12.03.54:313][304]Cmd: OBJ SAVEPACKAGE PACKAGE="/Game/HUDs/foudre_E" FILE="../../../../../Tower defense v2/TowerDefense/Maheyahi/Content/HUDs/foudre_E.uasset" SILENT=true
[2020.02.27-12.03.54:336][304]LogSavePackage: Moving '../../../../../Tower defense v2/TowerDefense/Maheyahi/Saved/foudre_EE86756D94148535644B4938F505A3162.tmp' to '../../../../../Tower defense v2/TowerDefense/Maheyahi/Content/HUDs/foudre_E.uasset'
[2020.02.27-12.03.54:355][304]AssetCheck: New page: Asset Save: foudre_E
[2020.02.27-12.03.54:355][304]LogContentValidation: Display: Validating Texture2D /Game/HUDs/foudre_E.foudre_E
[2020.02.27-12.03.57:376][472]Cmd: OBJ SAVEPACKAGE PACKAGE="/Game/HUDs/feu-A" FILE="../../../../../Tower defense v2/TowerDefense/Maheyahi/Content/HUDs/feu-A.uasset" SILENT=true
[2020.02.27-12.03.57:399][472]LogSavePackage: Moving '../../../../../Tower defense v2/TowerDefense/Maheyahi/Saved/feu-ACAE34EF743C977832D74ADBA263CC37B.tmp' to '../../../../../Tower defense v2/TowerDefense/Maheyahi/Content/HUDs/feu-A.uasset'
[2020.02.27-12.03.57:413][472]AssetCheck: New page: Asset Save: feu-A
[2020.02.27-12.03.57:413][472]LogContentValidation: Display: Validating Texture2D /Game/HUDs/feu-A.feu-A
[2020.02.27-12.04.00:360][641]Cmd: OBJ SAVEPACKAGE PACKAGE="/Game/HUDs/evolutiondelatour" FILE="../../../../../Tower defense v2/TowerDefense/Maheyahi/Content/HUDs/evolutiondelatour.uasset" SILENT=true
[2020.02.27-12.04.00:406][641]LogSavePackage: Moving '../../../../../Tower defense v2/TowerDefense/Maheyahi/Saved/evolutiondelatour580123CD458968DC7F5E87ABD9613D41.tmp' to '../../../../../Tower defense v2/TowerDefense/Maheyahi/Content/HUDs/evolutiondelatour.uasset'
[2020.02.27-12.04.00:417][641]AssetCheck: New page: Asset Save: evolutiondelatour
[2020.02.27-12.04.00:417][641]LogContentValidation: Display: Validating Texture2D /Game/HUDs/evolutiondelatour.evolutiondelatour
[2020.02.27-12.04.03:107][788]Cmd: OBJ SAVEPACKAGE PACKAGE="/Game/HUDs/conceptartportev2" FILE="../../../../../Tower defense v2/TowerDefense/Maheyahi/Content/HUDs/conceptartportev2.uasset" SILENT=true
[2020.02.27-12.04.03:338][788]LogSavePackage: Moving '../../../../../Tower defense v2/TowerDefense/Maheyahi/Saved/conceptartportev287B6667645EE7806456127B623C96465.tmp' to '../../../../../Tower defense v2/TowerDefense/Maheyahi/Content/HUDs/conceptartportev2.uasset'
[2020.02.27-12.04.03:352][788]AssetCheck: New page: Asset Save: conceptartportev2
[2020.02.27-12.04.03:352][788]LogContentValidation: Display: Validating Texture2D /Game/HUDs/conceptartportev2.conceptartportev2
[2020.02.27-12.04.05:135][887]Cmd: OBJ SAVEPACKAGE PACKAGE="/Game/HUDs/conceptartporte" FILE="../../../../../Tower defense v2/TowerDefense/Maheyahi/Content/HUDs/conceptartporte.uasset" SILENT=true
[2020.02.27-12.04.05:297][887]LogSavePackage: Moving '../../../../../Tower defense v2/TowerDefense/Maheyahi/Saved/conceptartporte8CAFC0C84FF567EDD6F501988F5D4E7F.tmp' to '../../../../../Tower defense v2/TowerDefense/Maheyahi/Content/HUDs/conceptartporte.uasset'
[2020.02.27-12.04.05:310][887]AssetCheck: New page: Asset Save: conceptartporte
[2020.02.27-12.04.05:310][887]LogContentValidation: Display: Validating Texture2D /Game/HUDs/conceptartporte.conceptartporte
[2020.02.27-12.04.08:030][ 44]Cmd: OBJ SAVEPACKAGE PACKAGE="/Game/HUDs/chat" FILE="../../../../../Tower defense v2/TowerDefense/Maheyahi/Content/HUDs/chat.uasset" SILENT=true
[2020.02.27-12.04.08:047][ 44]LogSavePackage: Moving '../../../../../Tower defense v2/TowerDefense/Maheyahi/Saved/chatDF2669974836D02E44C9B085B6AC270C.tmp' to '../../../../../Tower defense v2/TowerDefense/Maheyahi/Content/HUDs/chat.uasset'
[2020.02.27-12.04.08:057][ 44]AssetCheck: New page: Asset Save: chat
[2020.02.27-12.04.08:057][ 44]LogContentValidation: Display: Validating Texture2D /Game/HUDs/chat.chat
[2020.02.27-12.04.09:795][141]Cmd: OBJ SAVEPACKAGE PACKAGE="/Game/HUDs/cadre_haut_-_Copie" FILE="../../../../../Tower defense v2/TowerDefense/Maheyahi/Content/HUDs/cadre_haut_-_Copie.uasset" SILENT=true
[2020.02.27-12.04.09:848][141]LogSavePackage: Moving '../../../../../Tower defense v2/TowerDefense/Maheyahi/Saved/cadre_haut_-_Copie839F21CB440CFCFB632BBCA0C8B7BED5.tmp' to '../../../../../Tower defense v2/TowerDefense/Maheyahi/Content/HUDs/cadre_haut_-_Copie.uasset'
[2020.02.27-12.04.09:871][141]AssetCheck: New page: Asset Save: cadre_haut_-_Copie
[2020.02.27-12.04.09:871][141]LogContentValidation: Display: Validating Texture2D /Game/HUDs/cadre_haut_-_Copie.cadre_haut_-_Copie
[2020.02.27-12.04.11:761][247]Cmd: OBJ SAVEPACKAGE PACKAGE="/Game/HUDs/cadre_haut" FILE="../../../../../Tower defense v2/TowerDefense/Maheyahi/Content/HUDs/cadre_haut.uasset" SILENT=true
[2020.02.27-12.04.11:787][247]LogSavePackage: Moving '../../../../../Tower defense v2/TowerDefense/Maheyahi/Saved/cadre_haut0F57900D400FEDF4DFEB699EF4B4D58A.tmp' to '../../../../../Tower defense v2/TowerDefense/Maheyahi/Content/HUDs/cadre_haut.uasset'
[2020.02.27-12.04.11:798][247]AssetCheck: New page: Asset Save: cadre_haut
[2020.02.27-12.04.11:798][247]LogContentValidation: Display: Validating Texture2D /Game/HUDs/cadre_haut.cadre_haut
[2020.02.27-12.04.14:261][382]Cmd: OBJ SAVEPACKAGE PACKAGE="/Game/HUDs/cadre_gauche_-_Copie" FILE="../../../../../Tower defense v2/TowerDefense/Maheyahi/Content/HUDs/cadre_gauche_-_Copie.uasset" SILENT=true
[2020.02.27-12.04.14:284][382]LogSavePackage: Moving '../../../../../Tower defense v2/TowerDefense/Maheyahi/Saved/cadre_gauche_-_Copie0BC5A459499775F9BD5DCA8E41F81BEE.tmp' to '../../../../../Tower defense v2/TowerDefense/Maheyahi/Content/HUDs/cadre_gauche_-_Copie.uasset'
[2020.02.27-12.04.14:295][382]AssetCheck: New page: Asset Save: cadre_gauche_-_Copie
[2020.02.27-12.04.14:295][382]LogContentValidation: Display: Validating Texture2D /Game/HUDs/cadre_gauche_-_Copie.cadre_gauche_-_Copie
[2020.02.27-12.04.16:921][531]Cmd: OBJ SAVEPACKAGE PACKAGE="/Game/HUDs/cadre_gauche" FILE="../../../../../Tower defense v2/TowerDefense/Maheyahi/Content/HUDs/cadre_gauche.uasset" SILENT=true
[2020.02.27-12.04.17:071][531]LogSavePackage: Moving '../../../../../Tower defense v2/TowerDefense/Maheyahi/Saved/cadre_gauche7F555A76444279F6AB261FAF9AB2825D.tmp' to '../../../../../Tower defense v2/TowerDefense/Maheyahi/Content/HUDs/cadre_gauche.uasset'
[2020.02.27-12.04.17:083][531]AssetCheck: New page: Asset Save: cadre_gauche
[2020.02.27-12.04.17:083][531]LogContentValidation: Display: Validating Texture2D /Game/HUDs/cadre_gauche.cadre_gauche
[2020.02.27-12.04.18:987][614]Cmd: OBJ SAVEPACKAGE PACKAGE="/Game/HUDs/bloc_haut" FILE="../../../../../Tower defense v2/TowerDefense/Maheyahi/Content/HUDs/bloc_haut.uasset" SILENT=true
[2020.02.27-12.04.19:012][614]LogSavePackage: Moving '../../../../../Tower defense v2/TowerDefense/Maheyahi/Saved/bloc_haut80BF9EF446ECC8588D04768B21F43484.tmp' to '../../../../../Tower defense v2/TowerDefense/Maheyahi/Content/HUDs/bloc_haut.uasset'
[2020.02.27-12.04.19:024][614]AssetCheck: New page: Asset Save: bloc_haut
[2020.02.27-12.04.19:024][614]LogContentValidation: Display: Validating Texture2D /Game/HUDs/bloc_haut.bloc_haut
[2020.02.27-12.04.21:735][774]Cmd: OBJ SAVEPACKAGE PACKAGE="/Game/HUDs/bloc_bas" FILE="../../../../../Tower defense v2/TowerDefense/Maheyahi/Content/HUDs/bloc_bas.uasset" SILENT=true
[2020.02.27-12.04.21:753][774]LogSavePackage: Moving '../../../../../Tower defense v2/TowerDefense/Maheyahi/Saved/bloc_bas446D099144D58D7B89328E91365AD5D2.tmp' to '../../../../../Tower defense v2/TowerDefense/Maheyahi/Content/HUDs/bloc_bas.uasset'
[2020.02.27-12.04.21:764][774]AssetCheck: New page: Asset Save: bloc_bas
[2020.02.27-12.04.21:764][774]LogContentValidation: Display: Validating Texture2D /Game/HUDs/bloc_bas.bloc_bas
[2020.02.27-12.04.54:803][463]Cmd: OBJ SAVEPACKAGE PACKAGE="/Game/HUDs/HUD_inGame" FILE="../../../../../Tower defense v2/TowerDefense/Maheyahi/Content/HUDs/HUD_inGame.uasset" SILENT=true
[2020.02.27-12.04.54:833][463]LogSavePackage: Moving '../../../../../Tower defense v2/TowerDefense/Maheyahi/Saved/HUD_inGame4200BCA344DD3D1EE90A1582375BC272.tmp' to '../../../../../Tower defense v2/TowerDefense/Maheyahi/Content/HUDs/HUD_inGame.uasset'
[2020.02.27-12.04.54:844][463]AssetCheck: New page: Asset Save: HUD_inGame
[2020.02.27-12.04.54:844][463]LogContentValidation: Display: Validating WidgetBlueprint /Game/HUDs/HUD_inGame.HUD_inGame
[2020.02.27-12.05.00:398][626]LogWorld: UWorld::CleanupWorld for World_3, bSessionEnded=true, bCleanupResources=true
[2020.02.27-12.05.00:398][626]LogSlate: InvalidateAllWidgets triggered.  All widgets were invalidated
[2020.02.27-12.05.00:406][626]LogWorld: UWorld::CleanupWorld for World_2, bSessionEnded=true, bCleanupResources=true
[2020.02.27-12.05.00:406][626]LogSlate: InvalidateAllWidgets triggered.  All widgets were invalidated
[2020.02.27-12.05.34:786][627]LogUObjectHash: Compacting FUObjectHashTables data took   4.36ms
[2020.02.27-12.05.34:814][627]Cmd: OBJ SAVEPACKAGE PACKAGE="/Game/Levels/LV_Map" FILE="../../../../../Tower defense v2/TowerDefense/Maheyahi/Content/Levels/LV_Map.umap" SILENT=true AUTOSAVING=false KEEPDIRTY=false
[2020.02.27-12.05.34:857][627]LogUObjectHash: Compacting FUObjectHashTables data took   3.19ms
[2020.02.27-12.05.34:873][627]LogBlueprint: Warning: [Compiler PersistentLevel.LV_Map] Node  Unknown  is not referencing a valid level actor
[2020.02.27-12.05.35:315][627]LogSavePackage: Moving '../../../../../Tower defense v2/TowerDefense/Maheyahi/Saved/LV_Map46AA6353408A48DCAE73CC9E0BF3C1F3.tmp' to '../../../../../Tower defense v2/TowerDefense/Maheyahi/Content/Levels/LV_Map.umap'
[2020.02.27-12.05.35:349][627]LogFileHelpers: Saving map 'LV_Map' took 0.536
[2020.02.27-12.05.35:387][627]AssetCheck: New page: Asset Save: LV_Map
[2020.02.27-12.05.35:387][627]LogContentValidation: Display: Validating World /Game/Levels/LV_Map.LV_Map
